INFO(140473230690048)2019-10-29 22:23:20,119:*************************
INFO(140473230690048)2019-10-29 22:23:20,119:deblurring started
WARNING(140473230690048)2019-10-29 22:23:20,119:deblur version 1.1.0 workflow started on /tmp/qiime2-archive-kl_1dlji/430b475c-73ee-48ac-bcc1-1d3ed4e4f880/data
WARNING(140473230690048)2019-10-29 22:23:20,119:parameters: {'logger': <Logger __main__ (INFO)>, 'is_worker_thread': None, 'jobs_to_start': 1, 'log_file': '/mnt/bai/yongxin/github/QIIME2ChineseManual/2019.7/qiime2-read-joining-tutorial/deblur.log', 'log_level': 2, 'keep_tmp_files': True, 'threads_per_sample': 1, 'min_size': 2, 'min_reads': 10, 'left_trim_length': 0, 'trim_length': 250, 'indel_max': 3, 'indel_prob': 0.01, 'error_dist': [1, 0.06, 0.02, 0.02, 0.01, 0.005, 0.005, 0.005, 0.001, 0.001, 0.001, 0.0005], 'mean_error': 0.005, 'overwrite': True, 'neg_ref_db_fp': (), 'neg_ref_fp': (), 'pos_ref_db_fp': (), 'pos_ref_fp': (), 'output_dir': '/tmp/tmpgen5_saw', 'seqs_fp': '/tmp/qiime2-archive-kl_1dlji/430b475c-73ee-48ac-bcc1-1d3ed4e4f880/data'}
INFO(140473230690048)2019-10-29 22:23:20,119:error_dist is : [1, 0.06, 0.02, 0.02, 0.01, 0.005, 0.005, 0.005, 0.001, 0.001, 0.001, 0.0005]
INFO(140473230690048)2019-10-29 22:23:20,119:deblur main program started
INFO(140473230690048)2019-10-29 22:23:20,119:processing directory /tmp/qiime2-archive-kl_1dlji/430b475c-73ee-48ac-bcc1-1d3ed4e4f880/data
INFO(140473230690048)2019-10-29 22:23:20,121:building negative db sortmerna index files
INFO(140473230690048)2019-10-29 22:23:20,122:build_index_sortmerna files ['/mnt/bai/yongxin/miniconda2/envs/qiime2-2019.7/lib/python3.6/site-packages/deblur/support_files/artifacts.fa'] to dir /tmp/tmpgen5_saw/deblur_working_dir
INFO(140473230690048)2019-10-29 22:23:20,228:building positive db sortmerna index files
INFO(140473230690048)2019-10-29 22:23:20,228:build_index_sortmerna files ['/mnt/bai/yongxin/miniconda2/envs/qiime2-2019.7/lib/python3.6/site-packages/deblur/support_files/88_otus.fasta'] to dir /tmp/tmpgen5_saw/deblur_working_dir
INFO(140473230690048)2019-10-29 22:24:48,279:processing per sample fasta files
INFO(140473230690048)2019-10-29 22:24:48,280:--------------------------------------------------------
INFO(140473230690048)2019-10-29 22:24:48,280:launch_workflow for file /tmp/qiime2-archive-kl_1dlji/430b475c-73ee-48ac-bcc1-1d3ed4e4f880/data/YUN1242.1_28_L001_R1_001.fastq.gz
INFO(140473230690048)2019-10-29 22:24:48,791:dereplicate seqs file /tmp/tmpgen5_saw/deblur_working_dir/YUN1242.1_28_L001_R1_001.fastq.gz.trim
INFO(140473230690048)2019-10-29 22:24:48,812:remove_artifacts_seqs file /tmp/tmpgen5_saw/deblur_working_dir/YUN1242.1_28_L001_R1_001.fastq.gz.trim.derep
INFO(140473230690048)2019-10-29 22:24:49,822:total sequences 29, passing sequences 29, failing sequences 0
INFO(140473230690048)2019-10-29 22:24:49,823:multiple_sequence_alignment seqs file /tmp/tmpgen5_saw/deblur_working_dir/YUN1242.1_28_L001_R1_001.fastq.gz.trim.derep.no_artifacts
INFO(140473230690048)2019-10-29 22:24:50,651:deblurring 29 sequences
INFO(140473230690048)2019-10-29 22:24:50,655:19 unique sequences left following deblurring
INFO(140473230690048)2019-10-29 22:24:50,656:remove_chimeras_denovo_from_seqs seqs file /tmp/tmpgen5_saw/deblur_working_dir/YUN1242.1_28_L001_R1_001.fastq.gz.trim.derep.no_artifacts.msa.deblurto working dir /tmp/tmpgen5_saw/deblur_working_dir
INFO(140473230690048)2019-10-29 22:24:50,690:finished processing file
INFO(140473230690048)2019-10-29 22:24:50,690:--------------------------------------------------------
INFO(140473230690048)2019-10-29 22:24:50,690:launch_workflow for file /tmp/qiime2-archive-kl_1dlji/430b475c-73ee-48ac-bcc1-1d3ed4e4f880/data/YUN3153.3_38_L001_R1_001.fastq.gz
INFO(140473230690048)2019-10-29 22:24:51,067:dereplicate seqs file /tmp/tmpgen5_saw/deblur_working_dir/YUN3153.3_38_L001_R1_001.fastq.gz.trim
INFO(140473230690048)2019-10-29 22:24:51,082:remove_artifacts_seqs file /tmp/tmpgen5_saw/deblur_working_dir/YUN3153.3_38_L001_R1_001.fastq.gz.trim.derep
INFO(140473230690048)2019-10-29 22:24:52,040:total sequences 39, passing sequences 39, failing sequences 0
INFO(140473230690048)2019-10-29 22:24:52,041:multiple_sequence_alignment seqs file /tmp/tmpgen5_saw/deblur_working_dir/YUN3153.3_38_L001_R1_001.fastq.gz.trim.derep.no_artifacts
INFO(140473230690048)2019-10-29 22:24:53,322:deblurring 39 sequences
INFO(140473230690048)2019-10-29 22:24:53,333:34 unique sequences left following deblurring
INFO(140473230690048)2019-10-29 22:24:53,334:remove_chimeras_denovo_from_seqs seqs file /tmp/tmpgen5_saw/deblur_working_dir/YUN3153.3_38_L001_R1_001.fastq.gz.trim.derep.no_artifacts.msa.deblurto working dir /tmp/tmpgen5_saw/deblur_working_dir
INFO(140473230690048)2019-10-29 22:24:53,399:finished processing file
INFO(140473230690048)2019-10-29 22:24:53,400:--------------------------------------------------------
INFO(140473230690048)2019-10-29 22:24:53,400:launch_workflow for file /tmp/qiime2-archive-kl_1dlji/430b475c-73ee-48ac-bcc1-1d3ed4e4f880/data/YUN3259.3_44_L001_R1_001.fastq.gz
INFO(140473230690048)2019-10-29 22:24:54,161:dereplicate seqs file /tmp/tmpgen5_saw/deblur_working_dir/YUN3259.3_44_L001_R1_001.fastq.gz.trim
INFO(140473230690048)2019-10-29 22:24:54,176:remove_artifacts_seqs file /tmp/tmpgen5_saw/deblur_working_dir/YUN3259.3_44_L001_R1_001.fastq.gz.trim.derep
INFO(140473230690048)2019-10-29 22:24:54,888:total sequences 45, passing sequences 45, failing sequences 0
INFO(140473230690048)2019-10-29 22:24:54,888:multiple_sequence_alignment seqs file /tmp/tmpgen5_saw/deblur_working_dir/YUN3259.3_44_L001_R1_001.fastq.gz.trim.derep.no_artifacts
INFO(140473230690048)2019-10-29 22:24:56,238:deblurring 45 sequences
INFO(140473230690048)2019-10-29 22:24:56,251:41 unique sequences left following deblurring
INFO(140473230690048)2019-10-29 22:24:56,252:remove_chimeras_denovo_from_seqs seqs file /tmp/tmpgen5_saw/deblur_working_dir/YUN3259.3_44_L001_R1_001.fastq.gz.trim.derep.no_artifacts.msa.deblurto working dir /tmp/tmpgen5_saw/deblur_working_dir
INFO(140473230690048)2019-10-29 22:24:56,303:finished processing file
INFO(140473230690048)2019-10-29 22:24:56,303:--------------------------------------------------------
INFO(140473230690048)2019-10-29 22:24:56,304:launch_workflow for file /tmp/qiime2-archive-kl_1dlji/430b475c-73ee-48ac-bcc1-1d3ed4e4f880/data/BAQ2462.2_7_L001_R1_001.fastq.gz
INFO(140473230690048)2019-10-29 22:24:56,757:dereplicate seqs file /tmp/tmpgen5_saw/deblur_working_dir/BAQ2462.2_7_L001_R1_001.fastq.gz.trim
INFO(140473230690048)2019-10-29 22:24:56,773:remove_artifacts_seqs file /tmp/tmpgen5_saw/deblur_working_dir/BAQ2462.2_7_L001_R1_001.fastq.gz.trim.derep
INFO(140473230690048)2019-10-29 22:24:57,711:total sequences 31, passing sequences 31, failing sequences 0
INFO(140473230690048)2019-10-29 22:24:57,712:multiple_sequence_alignment seqs file /tmp/tmpgen5_saw/deblur_working_dir/BAQ2462.2_7_L001_R1_001.fastq.gz.trim.derep.no_artifacts
INFO(140473230690048)2019-10-29 22:24:58,407:deblurring 31 sequences
INFO(140473230690048)2019-10-29 22:24:58,414:29 unique sequences left following deblurring
INFO(140473230690048)2019-10-29 22:24:58,415:remove_chimeras_denovo_from_seqs seqs file /tmp/tmpgen5_saw/deblur_working_dir/BAQ2462.2_7_L001_R1_001.fastq.gz.trim.derep.no_artifacts.msa.deblurto working dir /tmp/tmpgen5_saw/deblur_working_dir
INFO(140473230690048)2019-10-29 22:24:58,455:finished processing file
INFO(140473230690048)2019-10-29 22:24:58,456:--------------------------------------------------------
INFO(140473230690048)2019-10-29 22:24:58,456:launch_workflow for file /tmp/qiime2-archive-kl_1dlji/430b475c-73ee-48ac-bcc1-1d3ed4e4f880/data/YUN3856.1.3_58_L001_R1_001.fastq.gz
INFO(140473230690048)2019-10-29 22:24:58,894:dereplicate seqs file /tmp/tmpgen5_saw/deblur_working_dir/YUN3856.1.3_58_L001_R1_001.fastq.gz.trim
INFO(140473230690048)2019-10-29 22:24:58,909:remove_artifacts_seqs file /tmp/tmpgen5_saw/deblur_working_dir/YUN3856.1.3_58_L001_R1_001.fastq.gz.trim.derep
INFO(140473230690048)2019-10-29 22:24:59,737:total sequences 46, passing sequences 46, failing sequences 0
INFO(140473230690048)2019-10-29 22:24:59,737:multiple_sequence_alignment seqs file /tmp/tmpgen5_saw/deblur_working_dir/YUN3856.1.3_58_L001_R1_001.fastq.gz.trim.derep.no_artifacts
INFO(140473230690048)2019-10-29 22:25:01,383:deblurring 46 sequences
INFO(140473230690048)2019-10-29 22:25:01,394:45 unique sequences left following deblurring
INFO(140473230690048)2019-10-29 22:25:01,395:remove_chimeras_denovo_from_seqs seqs file /tmp/tmpgen5_saw/deblur_working_dir/YUN3856.1.3_58_L001_R1_001.fastq.gz.trim.derep.no_artifacts.msa.deblurto working dir /tmp/tmpgen5_saw/deblur_working_dir
INFO(140473230690048)2019-10-29 22:25:01,458:finished processing file
INFO(140473230690048)2019-10-29 22:25:01,459:--------------------------------------------------------
INFO(140473230690048)2019-10-29 22:25:01,459:launch_workflow for file /tmp/qiime2-archive-kl_1dlji/430b475c-73ee-48ac-bcc1-1d3ed4e4f880/data/BAQ2838.3_14_L001_R1_001.fastq.gz
INFO(140473230690048)2019-10-29 22:25:01,707:dereplicate seqs file /tmp/tmpgen5_saw/deblur_working_dir/BAQ2838.3_14_L001_R1_001.fastq.gz.trim
INFO(140473230690048)2019-10-29 22:25:01,721:remove_artifacts_seqs file /tmp/tmpgen5_saw/deblur_working_dir/BAQ2838.3_14_L001_R1_001.fastq.gz.trim.derep
INFO(140473230690048)2019-10-29 22:25:02,547:total sequences 23, passing sequences 23, failing sequences 0
INFO(140473230690048)2019-10-29 22:25:02,548:multiple_sequence_alignment seqs file /tmp/tmpgen5_saw/deblur_working_dir/BAQ2838.3_14_L001_R1_001.fastq.gz.trim.derep.no_artifacts
INFO(140473230690048)2019-10-29 22:25:02,968:deblurring 23 sequences
INFO(140473230690048)2019-10-29 22:25:02,971:23 unique sequences left following deblurring
INFO(140473230690048)2019-10-29 22:25:02,971:remove_chimeras_denovo_from_seqs seqs file /tmp/tmpgen5_saw/deblur_working_dir/BAQ2838.3_14_L001_R1_001.fastq.gz.trim.derep.no_artifacts.msa.deblurto working dir /tmp/tmpgen5_saw/deblur_working_dir
INFO(140473230690048)2019-10-29 22:25:02,997:finished processing file
INFO(140473230690048)2019-10-29 22:25:02,998:--------------------------------------------------------
INFO(140473230690048)2019-10-29 22:25:02,998:launch_workflow for file /tmp/qiime2-archive-kl_1dlji/430b475c-73ee-48ac-bcc1-1d3ed4e4f880/data/YUN3856.2_59_L001_R1_001.fastq.gz
INFO(140473230690048)2019-10-29 22:25:03,709:dereplicate seqs file /tmp/tmpgen5_saw/deblur_working_dir/YUN3856.2_59_L001_R1_001.fastq.gz.trim
INFO(140473230690048)2019-10-29 22:25:03,723:remove_artifacts_seqs file /tmp/tmpgen5_saw/deblur_working_dir/YUN3856.2_59_L001_R1_001.fastq.gz.trim.derep
INFO(140473230690048)2019-10-29 22:25:04,484:total sequences 49, passing sequences 49, failing sequences 0
INFO(140473230690048)2019-10-29 22:25:04,485:multiple_sequence_alignment seqs file /tmp/tmpgen5_saw/deblur_working_dir/YUN3856.2_59_L001_R1_001.fastq.gz.trim.derep.no_artifacts
INFO(140473230690048)2019-10-29 22:25:05,980:deblurring 49 sequences
INFO(140473230690048)2019-10-29 22:25:05,987:48 unique sequences left following deblurring
INFO(140473230690048)2019-10-29 22:25:05,988:remove_chimeras_denovo_from_seqs seqs file /tmp/tmpgen5_saw/deblur_working_dir/YUN3856.2_59_L001_R1_001.fastq.gz.trim.derep.no_artifacts.msa.deblurto working dir /tmp/tmpgen5_saw/deblur_working_dir
INFO(140473230690048)2019-10-29 22:25:06,037:finished processing file
INFO(140473230690048)2019-10-29 22:25:06,038:--------------------------------------------------------
INFO(140473230690048)2019-10-29 22:25:06,038:launch_workflow for file /tmp/qiime2-archive-kl_1dlji/430b475c-73ee-48ac-bcc1-1d3ed4e4f880/data/YUN2029.1_32_L001_R1_001.fastq.gz
INFO(140473230690048)2019-10-29 22:25:06,050:dereplicate seqs file /tmp/tmpgen5_saw/deblur_working_dir/YUN2029.1_32_L001_R1_001.fastq.gz.trim
INFO(140473230690048)2019-10-29 22:25:06,063:remove_artifacts_seqs file /tmp/tmpgen5_saw/deblur_working_dir/YUN2029.1_32_L001_R1_001.fastq.gz.trim.derep
WARNING(140473230690048)2019-10-29 22:25:06,063:file /tmp/tmpgen5_saw/deblur_working_dir/YUN2029.1_32_L001_R1_001.fastq.gz.trim.derep has size 0, continuing
WARNING(140473230690048)2019-10-29 22:25:06,073:remove artifacts failed, aborting
WARNING(140473230690048)2019-10-29 22:25:06,073:deblurring failed for file /tmp/qiime2-archive-kl_1dlji/430b475c-73ee-48ac-bcc1-1d3ed4e4f880/data/YUN2029.1_32_L001_R1_001.fastq.gz
INFO(140473230690048)2019-10-29 22:25:06,073:--------------------------------------------------------
INFO(140473230690048)2019-10-29 22:25:06,074:launch_workflow for file /tmp/qiime2-archive-kl_1dlji/430b475c-73ee-48ac-bcc1-1d3ed4e4f880/data/BAQ4166.1.1_18_L001_R1_001.fastq.gz
INFO(140473230690048)2019-10-29 22:25:06,731:dereplicate seqs file /tmp/tmpgen5_saw/deblur_working_dir/BAQ4166.1.1_18_L001_R1_001.fastq.gz.trim
INFO(140473230690048)2019-10-29 22:25:06,745:remove_artifacts_seqs file /tmp/tmpgen5_saw/deblur_working_dir/BAQ4166.1.1_18_L001_R1_001.fastq.gz.trim.derep
INFO(140473230690048)2019-10-29 22:25:07,680:total sequences 40, passing sequences 40, failing sequences 0
INFO(140473230690048)2019-10-29 22:25:07,681:multiple_sequence_alignment seqs file /tmp/tmpgen5_saw/deblur_working_dir/BAQ4166.1.1_18_L001_R1_001.fastq.gz.trim.derep.no_artifacts
INFO(140473230690048)2019-10-29 22:25:08,681:deblurring 40 sequences
INFO(140473230690048)2019-10-29 22:25:08,687:40 unique sequences left following deblurring
INFO(140473230690048)2019-10-29 22:25:08,687:remove_chimeras_denovo_from_seqs seqs file /tmp/tmpgen5_saw/deblur_working_dir/BAQ4166.1.1_18_L001_R1_001.fastq.gz.trim.derep.no_artifacts.msa.deblurto working dir /tmp/tmpgen5_saw/deblur_working_dir
INFO(140473230690048)2019-10-29 22:25:08,738:finished processing file
INFO(140473230690048)2019-10-29 22:25:08,739:--------------------------------------------------------
INFO(140473230690048)2019-10-29 22:25:08,739:launch_workflow for file /tmp/qiime2-archive-kl_1dlji/430b475c-73ee-48ac-bcc1-1d3ed4e4f880/data/YUN3184.2_39_L001_R1_001.fastq.gz
INFO(140473230690048)2019-10-29 22:25:08,752:dereplicate seqs file /tmp/tmpgen5_saw/deblur_working_dir/YUN3184.2_39_L001_R1_001.fastq.gz.trim
INFO(140473230690048)2019-10-29 22:25:08,773:remove_artifacts_seqs file /tmp/tmpgen5_saw/deblur_working_dir/YUN3184.2_39_L001_R1_001.fastq.gz.trim.derep
WARNING(140473230690048)2019-10-29 22:25:08,774:file /tmp/tmpgen5_saw/deblur_working_dir/YUN3184.2_39_L001_R1_001.fastq.gz.trim.derep has size 0, continuing
WARNING(140473230690048)2019-10-29 22:25:08,774:remove artifacts failed, aborting
WARNING(140473230690048)2019-10-29 22:25:08,774:deblurring failed for file /tmp/qiime2-archive-kl_1dlji/430b475c-73ee-48ac-bcc1-1d3ed4e4f880/data/YUN3184.2_39_L001_R1_001.fastq.gz
INFO(140473230690048)2019-10-29 22:25:08,774:--------------------------------------------------------
INFO(140473230690048)2019-10-29 22:25:08,774:launch_workflow for file /tmp/qiime2-archive-kl_1dlji/430b475c-73ee-48ac-bcc1-1d3ed4e4f880/data/YUN3533.3_55_L001_R1_001.fastq.gz
INFO(140473230690048)2019-10-29 22:25:09,603:dereplicate seqs file /tmp/tmpgen5_saw/deblur_working_dir/YUN3533.3_55_L001_R1_001.fastq.gz.trim
INFO(140473230690048)2019-10-29 22:25:09,617:remove_artifacts_seqs file /tmp/tmpgen5_saw/deblur_working_dir/YUN3533.3_55_L001_R1_001.fastq.gz.trim.derep
INFO(140473230690048)2019-10-29 22:25:10,371:total sequences 66, passing sequences 66, failing sequences 0
INFO(140473230690048)2019-10-29 22:25:10,371:multiple_sequence_alignment seqs file /tmp/tmpgen5_saw/deblur_working_dir/YUN3533.3_55_L001_R1_001.fastq.gz.trim.derep.no_artifacts
INFO(140473230690048)2019-10-29 22:25:13,341:deblurring 66 sequences
INFO(140473230690048)2019-10-29 22:25:13,365:62 unique sequences left following deblurring
INFO(140473230690048)2019-10-29 22:25:13,366:remove_chimeras_denovo_from_seqs seqs file /tmp/tmpgen5_saw/deblur_working_dir/YUN3533.3_55_L001_R1_001.fastq.gz.trim.derep.no_artifacts.msa.deblurto working dir /tmp/tmpgen5_saw/deblur_working_dir
INFO(140473230690048)2019-10-29 22:25:13,435:finished processing file
INFO(140473230690048)2019-10-29 22:25:13,435:--------------------------------------------------------
INFO(140473230690048)2019-10-29 22:25:13,436:launch_workflow for file /tmp/qiime2-archive-kl_1dlji/430b475c-73ee-48ac-bcc1-1d3ed4e4f880/data/YUN3346.2_46_L001_R1_001.fastq.gz
INFO(140473230690048)2019-10-29 22:25:13,631:dereplicate seqs file /tmp/tmpgen5_saw/deblur_working_dir/YUN3346.2_46_L001_R1_001.fastq.gz.trim
INFO(140473230690048)2019-10-29 22:25:13,665:remove_artifacts_seqs file /tmp/tmpgen5_saw/deblur_working_dir/YUN3346.2_46_L001_R1_001.fastq.gz.trim.derep
INFO(140473230690048)2019-10-29 22:25:14,463:total sequences 8, passing sequences 8, failing sequences 0
INFO(140473230690048)2019-10-29 22:25:14,464:multiple_sequence_alignment seqs file /tmp/tmpgen5_saw/deblur_working_dir/YUN3346.2_46_L001_R1_001.fastq.gz.trim.derep.no_artifacts
INFO(140473230690048)2019-10-29 22:25:14,650:deblurring 8 sequences
INFO(140473230690048)2019-10-29 22:25:14,651:8 unique sequences left following deblurring
INFO(140473230690048)2019-10-29 22:25:14,651:remove_chimeras_denovo_from_seqs seqs file /tmp/tmpgen5_saw/deblur_working_dir/YUN3346.2_46_L001_R1_001.fastq.gz.trim.derep.no_artifacts.msa.deblurto working dir /tmp/tmpgen5_saw/deblur_working_dir
INFO(140473230690048)2019-10-29 22:25:14,670:finished processing file
INFO(140473230690048)2019-10-29 22:25:14,671:--------------------------------------------------------
INFO(140473230690048)2019-10-29 22:25:14,671:launch_workflow for file /tmp/qiime2-archive-kl_1dlji/430b475c-73ee-48ac-bcc1-1d3ed4e4f880/data/BAQ4697.3_25_L001_R1_001.fastq.gz
INFO(140473230690048)2019-10-29 22:25:15,360:dereplicate seqs file /tmp/tmpgen5_saw/deblur_working_dir/BAQ4697.3_25_L001_R1_001.fastq.gz.trim
INFO(140473230690048)2019-10-29 22:25:15,374:remove_artifacts_seqs file /tmp/tmpgen5_saw/deblur_working_dir/BAQ4697.3_25_L001_R1_001.fastq.gz.trim.derep
INFO(140473230690048)2019-10-29 22:25:16,141:total sequences 62, passing sequences 62, failing sequences 0
INFO(140473230690048)2019-10-29 22:25:16,141:multiple_sequence_alignment seqs file /tmp/tmpgen5_saw/deblur_working_dir/BAQ4697.3_25_L001_R1_001.fastq.gz.trim.derep.no_artifacts
INFO(140473230690048)2019-10-29 22:25:18,744:deblurring 62 sequences
INFO(140473230690048)2019-10-29 22:25:18,762:53 unique sequences left following deblurring
INFO(140473230690048)2019-10-29 22:25:18,763:remove_chimeras_denovo_from_seqs seqs file /tmp/tmpgen5_saw/deblur_working_dir/BAQ4697.3_25_L001_R1_001.fastq.gz.trim.derep.no_artifacts.msa.deblurto working dir /tmp/tmpgen5_saw/deblur_working_dir
INFO(140473230690048)2019-10-29 22:25:18,840:finished processing file
INFO(140473230690048)2019-10-29 22:25:18,840:--------------------------------------------------------
INFO(140473230690048)2019-10-29 22:25:18,841:launch_workflow for file /tmp/qiime2-archive-kl_1dlji/430b475c-73ee-48ac-bcc1-1d3ed4e4f880/data/BAQ2420.2_4_L001_R1_001.fastq.gz
INFO(140473230690048)2019-10-29 22:25:19,388:dereplicate seqs file /tmp/tmpgen5_saw/deblur_working_dir/BAQ2420.2_4_L001_R1_001.fastq.gz.trim
INFO(140473230690048)2019-10-29 22:25:19,401:remove_artifacts_seqs file /tmp/tmpgen5_saw/deblur_working_dir/BAQ2420.2_4_L001_R1_001.fastq.gz.trim.derep
INFO(140473230690048)2019-10-29 22:25:20,516:total sequences 39, passing sequences 39, failing sequences 0
INFO(140473230690048)2019-10-29 22:25:20,516:multiple_sequence_alignment seqs file /tmp/tmpgen5_saw/deblur_working_dir/BAQ2420.2_4_L001_R1_001.fastq.gz.trim.derep.no_artifacts
INFO(140473230690048)2019-10-29 22:25:21,711:deblurring 39 sequences
INFO(140473230690048)2019-10-29 22:25:21,717:38 unique sequences left following deblurring
INFO(140473230690048)2019-10-29 22:25:21,717:remove_chimeras_denovo_from_seqs seqs file /tmp/tmpgen5_saw/deblur_working_dir/BAQ2420.2_4_L001_R1_001.fastq.gz.trim.derep.no_artifacts.msa.deblurto working dir /tmp/tmpgen5_saw/deblur_working_dir
INFO(140473230690048)2019-10-29 22:25:21,758:finished processing file
INFO(140473230690048)2019-10-29 22:25:21,758:--------------------------------------------------------
INFO(140473230690048)2019-10-29 22:25:21,758:launch_workflow for file /tmp/qiime2-archive-kl_1dlji/430b475c-73ee-48ac-bcc1-1d3ed4e4f880/data/BAQ4166.1.2_19_L001_R1_001.fastq.gz
INFO(140473230690048)2019-10-29 22:25:22,572:dereplicate seqs file /tmp/tmpgen5_saw/deblur_working_dir/BAQ4166.1.2_19_L001_R1_001.fastq.gz.trim
INFO(140473230690048)2019-10-29 22:25:22,589:remove_artifacts_seqs file /tmp/tmpgen5_saw/deblur_working_dir/BAQ4166.1.2_19_L001_R1_001.fastq.gz.trim.derep
INFO(140473230690048)2019-10-29 22:25:23,321:total sequences 46, passing sequences 46, failing sequences 0
INFO(140473230690048)2019-10-29 22:25:23,322:multiple_sequence_alignment seqs file /tmp/tmpgen5_saw/deblur_working_dir/BAQ4166.1.2_19_L001_R1_001.fastq.gz.trim.derep.no_artifacts
INFO(140473230690048)2019-10-29 22:25:24,774:deblurring 46 sequences
INFO(140473230690048)2019-10-29 22:25:24,786:46 unique sequences left following deblurring
INFO(140473230690048)2019-10-29 22:25:24,787:remove_chimeras_denovo_from_seqs seqs file /tmp/tmpgen5_saw/deblur_working_dir/BAQ4166.1.2_19_L001_R1_001.fastq.gz.trim.derep.no_artifacts.msa.deblurto working dir /tmp/tmpgen5_saw/deblur_working_dir
INFO(140473230690048)2019-10-29 22:25:24,838:finished processing file
INFO(140473230690048)2019-10-29 22:25:24,838:--------------------------------------------------------
INFO(140473230690048)2019-10-29 22:25:24,839:launch_workflow for file /tmp/qiime2-archive-kl_1dlji/430b475c-73ee-48ac-bcc1-1d3ed4e4f880/data/YUN3259.1.1_40_L001_R1_001.fastq.gz
INFO(140473230690048)2019-10-29 22:25:24,885:dereplicate seqs file /tmp/tmpgen5_saw/deblur_working_dir/YUN3259.1.1_40_L001_R1_001.fastq.gz.trim
INFO(140473230690048)2019-10-29 22:25:24,898:remove_artifacts_seqs file /tmp/tmpgen5_saw/deblur_working_dir/YUN3259.1.1_40_L001_R1_001.fastq.gz.trim.derep
INFO(140473230690048)2019-10-29 22:25:25,711:total sequences 1, passing sequences 1, failing sequences 0
INFO(140473230690048)2019-10-29 22:25:25,712:deblurring 1 sequences
INFO(140473230690048)2019-10-29 22:25:25,713:1 unique sequences left following deblurring
INFO(140473230690048)2019-10-29 22:25:25,713:remove_chimeras_denovo_from_seqs seqs file /tmp/tmpgen5_saw/deblur_working_dir/YUN3259.1.1_40_L001_R1_001.fastq.gz.trim.derep.no_artifacts.deblurto working dir /tmp/tmpgen5_saw/deblur_working_dir
INFO(140473230690048)2019-10-29 22:25:25,744:finished processing file
INFO(140473230690048)2019-10-29 22:25:25,744:--------------------------------------------------------
INFO(140473230690048)2019-10-29 22:25:25,744:launch_workflow for file /tmp/qiime2-archive-kl_1dlji/430b475c-73ee-48ac-bcc1-1d3ed4e4f880/data/BAQ2420.1.2_2_L001_R1_001.fastq.gz
INFO(140473230690048)2019-10-29 22:25:26,244:dereplicate seqs file /tmp/tmpgen5_saw/deblur_working_dir/BAQ2420.1.2_2_L001_R1_001.fastq.gz.trim
INFO(140473230690048)2019-10-29 22:25:26,259:remove_artifacts_seqs file /tmp/tmpgen5_saw/deblur_working_dir/BAQ2420.1.2_2_L001_R1_001.fastq.gz.trim.derep
INFO(140473230690048)2019-10-29 22:25:27,357:total sequences 29, passing sequences 29, failing sequences 0
INFO(140473230690048)2019-10-29 22:25:27,357:multiple_sequence_alignment seqs file /tmp/tmpgen5_saw/deblur_working_dir/BAQ2420.1.2_2_L001_R1_001.fastq.gz.trim.derep.no_artifacts
INFO(140473230690048)2019-10-29 22:25:28,103:deblurring 29 sequences
INFO(140473230690048)2019-10-29 22:25:28,107:29 unique sequences left following deblurring
INFO(140473230690048)2019-10-29 22:25:28,107:remove_chimeras_denovo_from_seqs seqs file /tmp/tmpgen5_saw/deblur_working_dir/BAQ2420.1.2_2_L001_R1_001.fastq.gz.trim.derep.no_artifacts.msa.deblurto working dir /tmp/tmpgen5_saw/deblur_working_dir
INFO(140473230690048)2019-10-29 22:25:28,143:finished processing file
INFO(140473230690048)2019-10-29 22:25:28,144:--------------------------------------------------------
INFO(140473230690048)2019-10-29 22:25:28,144:launch_workflow for file /tmp/qiime2-archive-kl_1dlji/430b475c-73ee-48ac-bcc1-1d3ed4e4f880/data/BAQ2687.1_9_L001_R1_001.fastq.gz
INFO(140473230690048)2019-10-29 22:25:28,716:dereplicate seqs file /tmp/tmpgen5_saw/deblur_working_dir/BAQ2687.1_9_L001_R1_001.fastq.gz.trim
INFO(140473230690048)2019-10-29 22:25:28,730:remove_artifacts_seqs file /tmp/tmpgen5_saw/deblur_working_dir/BAQ2687.1_9_L001_R1_001.fastq.gz.trim.derep
INFO(140473230690048)2019-10-29 22:25:29,467:total sequences 32, passing sequences 32, failing sequences 0
INFO(140473230690048)2019-10-29 22:25:29,468:multiple_sequence_alignment seqs file /tmp/tmpgen5_saw/deblur_working_dir/BAQ2687.1_9_L001_R1_001.fastq.gz.trim.derep.no_artifacts
INFO(140473230690048)2019-10-29 22:25:30,190:deblurring 32 sequences
INFO(140473230690048)2019-10-29 22:25:30,198:32 unique sequences left following deblurring
INFO(140473230690048)2019-10-29 22:25:30,198:remove_chimeras_denovo_from_seqs seqs file /tmp/tmpgen5_saw/deblur_working_dir/BAQ2687.1_9_L001_R1_001.fastq.gz.trim.derep.no_artifacts.msa.deblurto working dir /tmp/tmpgen5_saw/deblur_working_dir
INFO(140473230690048)2019-10-29 22:25:30,253:finished processing file
INFO(140473230690048)2019-10-29 22:25:30,254:--------------------------------------------------------
INFO(140473230690048)2019-10-29 22:25:30,254:launch_workflow for file /tmp/qiime2-archive-kl_1dlji/430b475c-73ee-48ac-bcc1-1d3ed4e4f880/data/YUN2029.3_34_L001_R1_001.fastq.gz
INFO(140473230690048)2019-10-29 22:25:30,267:dereplicate seqs file /tmp/tmpgen5_saw/deblur_working_dir/YUN2029.3_34_L001_R1_001.fastq.gz.trim
INFO(140473230690048)2019-10-29 22:25:30,287:remove_artifacts_seqs file /tmp/tmpgen5_saw/deblur_working_dir/YUN2029.3_34_L001_R1_001.fastq.gz.trim.derep
WARNING(140473230690048)2019-10-29 22:25:30,288:file /tmp/tmpgen5_saw/deblur_working_dir/YUN2029.3_34_L001_R1_001.fastq.gz.trim.derep has size 0, continuing
WARNING(140473230690048)2019-10-29 22:25:30,288:remove artifacts failed, aborting
WARNING(140473230690048)2019-10-29 22:25:30,288:deblurring failed for file /tmp/qiime2-archive-kl_1dlji/430b475c-73ee-48ac-bcc1-1d3ed4e4f880/data/YUN2029.3_34_L001_R1_001.fastq.gz
INFO(140473230690048)2019-10-29 22:25:30,288:--------------------------------------------------------
INFO(140473230690048)2019-10-29 22:25:30,289:launch_workflow for file /tmp/qiime2-archive-kl_1dlji/430b475c-73ee-48ac-bcc1-1d3ed4e4f880/data/BAQ2838.1_12_L001_R1_001.fastq.gz
INFO(140473230690048)2019-10-29 22:25:30,700:dereplicate seqs file /tmp/tmpgen5_saw/deblur_working_dir/BAQ2838.1_12_L001_R1_001.fastq.gz.trim
INFO(140473230690048)2019-10-29 22:25:30,714:remove_artifacts_seqs file /tmp/tmpgen5_saw/deblur_working_dir/BAQ2838.1_12_L001_R1_001.fastq.gz.trim.derep
INFO(140473230690048)2019-10-29 22:25:31,451:total sequences 32, passing sequences 32, failing sequences 0
INFO(140473230690048)2019-10-29 22:25:31,451:multiple_sequence_alignment seqs file /tmp/tmpgen5_saw/deblur_working_dir/BAQ2838.1_12_L001_R1_001.fastq.gz.trim.derep.no_artifacts
INFO(140473230690048)2019-10-29 22:25:32,215:deblurring 32 sequences
INFO(140473230690048)2019-10-29 22:25:32,219:32 unique sequences left following deblurring
INFO(140473230690048)2019-10-29 22:25:32,219:remove_chimeras_denovo_from_seqs seqs file /tmp/tmpgen5_saw/deblur_working_dir/BAQ2838.1_12_L001_R1_001.fastq.gz.trim.derep.no_artifacts.msa.deblurto working dir /tmp/tmpgen5_saw/deblur_working_dir
INFO(140473230690048)2019-10-29 22:25:32,254:finished processing file
INFO(140473230690048)2019-10-29 22:25:32,254:--------------------------------------------------------
INFO(140473230690048)2019-10-29 22:25:32,254:launch_workflow for file /tmp/qiime2-archive-kl_1dlji/430b475c-73ee-48ac-bcc1-1d3ed4e4f880/data/BAQ2838.2_13_L001_R1_001.fastq.gz
INFO(140473230690048)2019-10-29 22:25:32,574:dereplicate seqs file /tmp/tmpgen5_saw/deblur_working_dir/BAQ2838.2_13_L001_R1_001.fastq.gz.trim
INFO(140473230690048)2019-10-29 22:25:32,588:remove_artifacts_seqs file /tmp/tmpgen5_saw/deblur_working_dir/BAQ2838.2_13_L001_R1_001.fastq.gz.trim.derep
INFO(140473230690048)2019-10-29 22:25:33,608:total sequences 16, passing sequences 16, failing sequences 0
INFO(140473230690048)2019-10-29 22:25:33,608:multiple_sequence_alignment seqs file /tmp/tmpgen5_saw/deblur_working_dir/BAQ2838.2_13_L001_R1_001.fastq.gz.trim.derep.no_artifacts
INFO(140473230690048)2019-10-29 22:25:34,023:deblurring 16 sequences
INFO(140473230690048)2019-10-29 22:25:34,025:16 unique sequences left following deblurring
INFO(140473230690048)2019-10-29 22:25:34,025:remove_chimeras_denovo_from_seqs seqs file /tmp/tmpgen5_saw/deblur_working_dir/BAQ2838.2_13_L001_R1_001.fastq.gz.trim.derep.no_artifacts.msa.deblurto working dir /tmp/tmpgen5_saw/deblur_working_dir
INFO(140473230690048)2019-10-29 22:25:34,041:finished processing file
INFO(140473230690048)2019-10-29 22:25:34,042:--------------------------------------------------------
INFO(140473230690048)2019-10-29 22:25:34,042:launch_workflow for file /tmp/qiime2-archive-kl_1dlji/430b475c-73ee-48ac-bcc1-1d3ed4e4f880/data/YUN1609.1_31_L001_R1_001.fastq.gz
INFO(140473230690048)2019-10-29 22:25:34,461:dereplicate seqs file /tmp/tmpgen5_saw/deblur_working_dir/YUN1609.1_31_L001_R1_001.fastq.gz.trim
INFO(140473230690048)2019-10-29 22:25:34,476:remove_artifacts_seqs file /tmp/tmpgen5_saw/deblur_working_dir/YUN1609.1_31_L001_R1_001.fastq.gz.trim.derep
INFO(140473230690048)2019-10-29 22:25:35,210:total sequences 35, passing sequences 35, failing sequences 0
INFO(140473230690048)2019-10-29 22:25:35,210:multiple_sequence_alignment seqs file /tmp/tmpgen5_saw/deblur_working_dir/YUN1609.1_31_L001_R1_001.fastq.gz.trim.derep.no_artifacts
INFO(140473230690048)2019-10-29 22:25:36,078:deblurring 35 sequences
INFO(140473230690048)2019-10-29 22:25:36,084:19 unique sequences left following deblurring
INFO(140473230690048)2019-10-29 22:25:36,085:remove_chimeras_denovo_from_seqs seqs file /tmp/tmpgen5_saw/deblur_working_dir/YUN1609.1_31_L001_R1_001.fastq.gz.trim.derep.no_artifacts.msa.deblurto working dir /tmp/tmpgen5_saw/deblur_working_dir
INFO(140473230690048)2019-10-29 22:25:36,117:finished processing file
INFO(140473230690048)2019-10-29 22:25:36,118:--------------------------------------------------------
INFO(140473230690048)2019-10-29 22:25:36,118:launch_workflow for file /tmp/qiime2-archive-kl_1dlji/430b475c-73ee-48ac-bcc1-1d3ed4e4f880/data/BAQ1552.1.1_0_L001_R1_001.fastq.gz
INFO(140473230690048)2019-10-29 22:25:36,131:dereplicate seqs file /tmp/tmpgen5_saw/deblur_working_dir/BAQ1552.1.1_0_L001_R1_001.fastq.gz.trim
INFO(140473230690048)2019-10-29 22:25:36,147:remove_artifacts_seqs file /tmp/tmpgen5_saw/deblur_working_dir/BAQ1552.1.1_0_L001_R1_001.fastq.gz.trim.derep
WARNING(140473230690048)2019-10-29 22:25:36,147:file /tmp/tmpgen5_saw/deblur_working_dir/BAQ1552.1.1_0_L001_R1_001.fastq.gz.trim.derep has size 0, continuing
WARNING(140473230690048)2019-10-29 22:25:36,148:remove artifacts failed, aborting
WARNING(140473230690048)2019-10-29 22:25:36,148:deblurring failed for file /tmp/qiime2-archive-kl_1dlji/430b475c-73ee-48ac-bcc1-1d3ed4e4f880/data/BAQ1552.1.1_0_L001_R1_001.fastq.gz
INFO(140473230690048)2019-10-29 22:25:36,148:--------------------------------------------------------
INFO(140473230690048)2019-10-29 22:25:36,148:launch_workflow for file /tmp/qiime2-archive-kl_1dlji/430b475c-73ee-48ac-bcc1-1d3ed4e4f880/data/BAQ3473.3_17_L001_R1_001.fastq.gz
INFO(140473230690048)2019-10-29 22:25:36,983:dereplicate seqs file /tmp/tmpgen5_saw/deblur_working_dir/BAQ3473.3_17_L001_R1_001.fastq.gz.trim
INFO(140473230690048)2019-10-29 22:25:36,996:remove_artifacts_seqs file /tmp/tmpgen5_saw/deblur_working_dir/BAQ3473.3_17_L001_R1_001.fastq.gz.trim.derep
INFO(140473230690048)2019-10-29 22:25:37,699:total sequences 60, passing sequences 60, failing sequences 0
INFO(140473230690048)2019-10-29 22:25:37,700:multiple_sequence_alignment seqs file /tmp/tmpgen5_saw/deblur_working_dir/BAQ3473.3_17_L001_R1_001.fastq.gz.trim.derep.no_artifacts
INFO(140473230690048)2019-10-29 22:25:39,804:deblurring 60 sequences
INFO(140473230690048)2019-10-29 22:25:39,814:55 unique sequences left following deblurring
INFO(140473230690048)2019-10-29 22:25:39,815:remove_chimeras_denovo_from_seqs seqs file /tmp/tmpgen5_saw/deblur_working_dir/BAQ3473.3_17_L001_R1_001.fastq.gz.trim.derep.no_artifacts.msa.deblurto working dir /tmp/tmpgen5_saw/deblur_working_dir
INFO(140473230690048)2019-10-29 22:25:39,870:finished processing file
INFO(140473230690048)2019-10-29 22:25:39,871:--------------------------------------------------------
INFO(140473230690048)2019-10-29 22:25:39,871:launch_workflow for file /tmp/qiime2-archive-kl_1dlji/430b475c-73ee-48ac-bcc1-1d3ed4e4f880/data/YUN3428.3_50_L001_R1_001.fastq.gz
INFO(140473230690048)2019-10-29 22:25:40,591:dereplicate seqs file /tmp/tmpgen5_saw/deblur_working_dir/YUN3428.3_50_L001_R1_001.fastq.gz.trim
INFO(140473230690048)2019-10-29 22:25:40,604:remove_artifacts_seqs file /tmp/tmpgen5_saw/deblur_working_dir/YUN3428.3_50_L001_R1_001.fastq.gz.trim.derep
INFO(140473230690048)2019-10-29 22:25:41,414:total sequences 44, passing sequences 44, failing sequences 0
INFO(140473230690048)2019-10-29 22:25:41,414:multiple_sequence_alignment seqs file /tmp/tmpgen5_saw/deblur_working_dir/YUN3428.3_50_L001_R1_001.fastq.gz.trim.derep.no_artifacts
INFO(140473230690048)2019-10-29 22:25:42,905:deblurring 44 sequences
INFO(140473230690048)2019-10-29 22:25:42,918:44 unique sequences left following deblurring
INFO(140473230690048)2019-10-29 22:25:42,919:remove_chimeras_denovo_from_seqs seqs file /tmp/tmpgen5_saw/deblur_working_dir/YUN3428.3_50_L001_R1_001.fastq.gz.trim.derep.no_artifacts.msa.deblurto working dir /tmp/tmpgen5_saw/deblur_working_dir
INFO(140473230690048)2019-10-29 22:25:42,995:finished processing file
INFO(140473230690048)2019-10-29 22:25:42,996:--------------------------------------------------------
INFO(140473230690048)2019-10-29 22:25:42,996:launch_workflow for file /tmp/qiime2-archive-kl_1dlji/430b475c-73ee-48ac-bcc1-1d3ed4e4f880/data/YUN3259.1.3_42_L001_R1_001.fastq.gz
INFO(140473230690048)2019-10-29 22:25:43,278:dereplicate seqs file /tmp/tmpgen5_saw/deblur_working_dir/YUN3259.1.3_42_L001_R1_001.fastq.gz.trim
INFO(140473230690048)2019-10-29 22:25:43,297:remove_artifacts_seqs file /tmp/tmpgen5_saw/deblur_working_dir/YUN3259.1.3_42_L001_R1_001.fastq.gz.trim.derep
INFO(140473230690048)2019-10-29 22:25:44,181:total sequences 15, passing sequences 15, failing sequences 0
INFO(140473230690048)2019-10-29 22:25:44,182:multiple_sequence_alignment seqs file /tmp/tmpgen5_saw/deblur_working_dir/YUN3259.1.3_42_L001_R1_001.fastq.gz.trim.derep.no_artifacts
INFO(140473230690048)2019-10-29 22:25:44,471:deblurring 15 sequences
INFO(140473230690048)2019-10-29 22:25:44,473:15 unique sequences left following deblurring
INFO(140473230690048)2019-10-29 22:25:44,473:remove_chimeras_denovo_from_seqs seqs file /tmp/tmpgen5_saw/deblur_working_dir/YUN3259.1.3_42_L001_R1_001.fastq.gz.trim.derep.no_artifacts.msa.deblurto working dir /tmp/tmpgen5_saw/deblur_working_dir
INFO(140473230690048)2019-10-29 22:25:44,502:finished processing file
INFO(140473230690048)2019-10-29 22:25:44,503:--------------------------------------------------------
INFO(140473230690048)2019-10-29 22:25:44,503:launch_workflow for file /tmp/qiime2-archive-kl_1dlji/430b475c-73ee-48ac-bcc1-1d3ed4e4f880/data/YUN3856.1.2_57_L001_R1_001.fastq.gz
INFO(140473230690048)2019-10-29 22:25:45,127:dereplicate seqs file /tmp/tmpgen5_saw/deblur_working_dir/YUN3856.1.2_57_L001_R1_001.fastq.gz.trim
INFO(140473230690048)2019-10-29 22:25:45,139:remove_artifacts_seqs file /tmp/tmpgen5_saw/deblur_working_dir/YUN3856.1.2_57_L001_R1_001.fastq.gz.trim.derep
INFO(140473230690048)2019-10-29 22:25:45,919:total sequences 42, passing sequences 42, failing sequences 0
INFO(140473230690048)2019-10-29 22:25:45,919:multiple_sequence_alignment seqs file /tmp/tmpgen5_saw/deblur_working_dir/YUN3856.1.2_57_L001_R1_001.fastq.gz.trim.derep.no_artifacts
INFO(140473230690048)2019-10-29 22:25:47,261:deblurring 42 sequences
INFO(140473230690048)2019-10-29 22:25:47,272:39 unique sequences left following deblurring
INFO(140473230690048)2019-10-29 22:25:47,273:remove_chimeras_denovo_from_seqs seqs file /tmp/tmpgen5_saw/deblur_working_dir/YUN3856.1.2_57_L001_R1_001.fastq.gz.trim.derep.no_artifacts.msa.deblurto working dir /tmp/tmpgen5_saw/deblur_working_dir
INFO(140473230690048)2019-10-29 22:25:47,327:finished processing file
INFO(140473230690048)2019-10-29 22:25:47,328:--------------------------------------------------------
INFO(140473230690048)2019-10-29 22:25:47,328:launch_workflow for file /tmp/qiime2-archive-kl_1dlji/430b475c-73ee-48ac-bcc1-1d3ed4e4f880/data/BAQ4166.3_22_L001_R1_001.fastq.gz
INFO(140473230690048)2019-10-29 22:25:48,269:dereplicate seqs file /tmp/tmpgen5_saw/deblur_working_dir/BAQ4166.3_22_L001_R1_001.fastq.gz.trim
INFO(140473230690048)2019-10-29 22:25:48,292:remove_artifacts_seqs file /tmp/tmpgen5_saw/deblur_working_dir/BAQ4166.3_22_L001_R1_001.fastq.gz.trim.derep
INFO(140473230690048)2019-10-29 22:25:49,384:total sequences 55, passing sequences 55, failing sequences 0
INFO(140473230690048)2019-10-29 22:25:49,385:multiple_sequence_alignment seqs file /tmp/tmpgen5_saw/deblur_working_dir/BAQ4166.3_22_L001_R1_001.fastq.gz.trim.derep.no_artifacts
INFO(140473230690048)2019-10-29 22:25:51,185:deblurring 55 sequences
INFO(140473230690048)2019-10-29 22:25:51,206:53 unique sequences left following deblurring
INFO(140473230690048)2019-10-29 22:25:51,208:remove_chimeras_denovo_from_seqs seqs file /tmp/tmpgen5_saw/deblur_working_dir/BAQ4166.3_22_L001_R1_001.fastq.gz.trim.derep.no_artifacts.msa.deblurto working dir /tmp/tmpgen5_saw/deblur_working_dir
INFO(140473230690048)2019-10-29 22:25:51,297:finished processing file
INFO(140473230690048)2019-10-29 22:25:51,298:--------------------------------------------------------
INFO(140473230690048)2019-10-29 22:25:51,298:launch_workflow for file /tmp/qiime2-archive-kl_1dlji/430b475c-73ee-48ac-bcc1-1d3ed4e4f880/data/YUN2029.2_33_L001_R1_001.fastq.gz
INFO(140473230690048)2019-10-29 22:25:52,142:dereplicate seqs file /tmp/tmpgen5_saw/deblur_working_dir/YUN2029.2_33_L001_R1_001.fastq.gz.trim
INFO(140473230690048)2019-10-29 22:25:52,159:remove_artifacts_seqs file /tmp/tmpgen5_saw/deblur_working_dir/YUN2029.2_33_L001_R1_001.fastq.gz.trim.derep
INFO(140473230690048)2019-10-29 22:25:52,932:total sequences 43, passing sequences 43, failing sequences 0
INFO(140473230690048)2019-10-29 22:25:52,932:multiple_sequence_alignment seqs file /tmp/tmpgen5_saw/deblur_working_dir/YUN2029.2_33_L001_R1_001.fastq.gz.trim.derep.no_artifacts
INFO(140473230690048)2019-10-29 22:25:54,170:deblurring 43 sequences
INFO(140473230690048)2019-10-29 22:25:54,176:36 unique sequences left following deblurring
INFO(140473230690048)2019-10-29 22:25:54,177:remove_chimeras_denovo_from_seqs seqs file /tmp/tmpgen5_saw/deblur_working_dir/YUN2029.2_33_L001_R1_001.fastq.gz.trim.derep.no_artifacts.msa.deblurto working dir /tmp/tmpgen5_saw/deblur_working_dir
INFO(140473230690048)2019-10-29 22:25:54,219:finished processing file
INFO(140473230690048)2019-10-29 22:25:54,220:--------------------------------------------------------
INFO(140473230690048)2019-10-29 22:25:54,220:launch_workflow for file /tmp/qiime2-archive-kl_1dlji/430b475c-73ee-48ac-bcc1-1d3ed4e4f880/data/YUN3008.1.3_35_L001_R1_001.fastq.gz
INFO(140473230690048)2019-10-29 22:25:54,228:dereplicate seqs file /tmp/tmpgen5_saw/deblur_working_dir/YUN3008.1.3_35_L001_R1_001.fastq.gz.trim
INFO(140473230690048)2019-10-29 22:25:54,239:remove_artifacts_seqs file /tmp/tmpgen5_saw/deblur_working_dir/YUN3008.1.3_35_L001_R1_001.fastq.gz.trim.derep
WARNING(140473230690048)2019-10-29 22:25:54,239:file /tmp/tmpgen5_saw/deblur_working_dir/YUN3008.1.3_35_L001_R1_001.fastq.gz.trim.derep has size 0, continuing
WARNING(140473230690048)2019-10-29 22:25:54,240:remove artifacts failed, aborting
WARNING(140473230690048)2019-10-29 22:25:54,240:deblurring failed for file /tmp/qiime2-archive-kl_1dlji/430b475c-73ee-48ac-bcc1-1d3ed4e4f880/data/YUN3008.1.3_35_L001_R1_001.fastq.gz
INFO(140473230690048)2019-10-29 22:25:54,240:--------------------------------------------------------
INFO(140473230690048)2019-10-29 22:25:54,240:launch_workflow for file /tmp/qiime2-archive-kl_1dlji/430b475c-73ee-48ac-bcc1-1d3ed4e4f880/data/BAQ2462.3_8_L001_R1_001.fastq.gz
INFO(140473230690048)2019-10-29 22:25:54,529:dereplicate seqs file /tmp/tmpgen5_saw/deblur_working_dir/BAQ2462.3_8_L001_R1_001.fastq.gz.trim
INFO(140473230690048)2019-10-29 22:25:54,541:remove_artifacts_seqs file /tmp/tmpgen5_saw/deblur_working_dir/BAQ2462.3_8_L001_R1_001.fastq.gz.trim.derep
INFO(140473230690048)2019-10-29 22:25:55,239:total sequences 27, passing sequences 27, failing sequences 0
INFO(140473230690048)2019-10-29 22:25:55,239:multiple_sequence_alignment seqs file /tmp/tmpgen5_saw/deblur_working_dir/BAQ2462.3_8_L001_R1_001.fastq.gz.trim.derep.no_artifacts
INFO(140473230690048)2019-10-29 22:25:55,817:deblurring 27 sequences
INFO(140473230690048)2019-10-29 22:25:55,820:25 unique sequences left following deblurring
INFO(140473230690048)2019-10-29 22:25:55,820:remove_chimeras_denovo_from_seqs seqs file /tmp/tmpgen5_saw/deblur_working_dir/BAQ2462.3_8_L001_R1_001.fastq.gz.trim.derep.no_artifacts.msa.deblurto working dir /tmp/tmpgen5_saw/deblur_working_dir
INFO(140473230690048)2019-10-29 22:25:55,851:finished processing file
INFO(140473230690048)2019-10-29 22:25:55,851:--------------------------------------------------------
INFO(140473230690048)2019-10-29 22:25:55,851:launch_workflow for file /tmp/qiime2-archive-kl_1dlji/430b475c-73ee-48ac-bcc1-1d3ed4e4f880/data/YUN3259.2_43_L001_R1_001.fastq.gz
INFO(140473230690048)2019-10-29 22:25:56,470:dereplicate seqs file /tmp/tmpgen5_saw/deblur_working_dir/YUN3259.2_43_L001_R1_001.fastq.gz.trim
INFO(140473230690048)2019-10-29 22:25:56,493:remove_artifacts_seqs file /tmp/tmpgen5_saw/deblur_working_dir/YUN3259.2_43_L001_R1_001.fastq.gz.trim.derep
INFO(140473230690048)2019-10-29 22:25:57,466:total sequences 32, passing sequences 32, failing sequences 0
INFO(140473230690048)2019-10-29 22:25:57,466:multiple_sequence_alignment seqs file /tmp/tmpgen5_saw/deblur_working_dir/YUN3259.2_43_L001_R1_001.fastq.gz.trim.derep.no_artifacts
INFO(140473230690048)2019-10-29 22:25:58,358:deblurring 32 sequences
INFO(140473230690048)2019-10-29 22:25:58,364:32 unique sequences left following deblurring
INFO(140473230690048)2019-10-29 22:25:58,364:remove_chimeras_denovo_from_seqs seqs file /tmp/tmpgen5_saw/deblur_working_dir/YUN3259.2_43_L001_R1_001.fastq.gz.trim.derep.no_artifacts.msa.deblurto working dir /tmp/tmpgen5_saw/deblur_working_dir
INFO(140473230690048)2019-10-29 22:25:58,417:finished processing file
INFO(140473230690048)2019-10-29 22:25:58,418:--------------------------------------------------------
INFO(140473230690048)2019-10-29 22:25:58,418:launch_workflow for file /tmp/qiime2-archive-kl_1dlji/430b475c-73ee-48ac-bcc1-1d3ed4e4f880/data/YUN3428.1_48_L001_R1_001.fastq.gz
INFO(140473230690048)2019-10-29 22:25:59,143:dereplicate seqs file /tmp/tmpgen5_saw/deblur_working_dir/YUN3428.1_48_L001_R1_001.fastq.gz.trim
INFO(140473230690048)2019-10-29 22:25:59,157:remove_artifacts_seqs file /tmp/tmpgen5_saw/deblur_working_dir/YUN3428.1_48_L001_R1_001.fastq.gz.trim.derep
INFO(140473230690048)2019-10-29 22:26:00,000:total sequences 48, passing sequences 48, failing sequences 0
INFO(140473230690048)2019-10-29 22:26:00,000:multiple_sequence_alignment seqs file /tmp/tmpgen5_saw/deblur_working_dir/YUN3428.1_48_L001_R1_001.fastq.gz.trim.derep.no_artifacts
INFO(140473230690048)2019-10-29 22:26:01,376:deblurring 48 sequences
INFO(140473230690048)2019-10-29 22:26:01,383:47 unique sequences left following deblurring
INFO(140473230690048)2019-10-29 22:26:01,384:remove_chimeras_denovo_from_seqs seqs file /tmp/tmpgen5_saw/deblur_working_dir/YUN3428.1_48_L001_R1_001.fastq.gz.trim.derep.no_artifacts.msa.deblurto working dir /tmp/tmpgen5_saw/deblur_working_dir
INFO(140473230690048)2019-10-29 22:26:01,449:finished processing file
INFO(140473230690048)2019-10-29 22:26:01,449:--------------------------------------------------------
INFO(140473230690048)2019-10-29 22:26:01,449:launch_workflow for file /tmp/qiime2-archive-kl_1dlji/430b475c-73ee-48ac-bcc1-1d3ed4e4f880/data/YUN3533.1.3_53_L001_R1_001.fastq.gz
INFO(140473230690048)2019-10-29 22:26:01,927:dereplicate seqs file /tmp/tmpgen5_saw/deblur_working_dir/YUN3533.1.3_53_L001_R1_001.fastq.gz.trim
INFO(140473230690048)2019-10-29 22:26:01,941:remove_artifacts_seqs file /tmp/tmpgen5_saw/deblur_working_dir/YUN3533.1.3_53_L001_R1_001.fastq.gz.trim.derep
INFO(140473230690048)2019-10-29 22:26:02,652:total sequences 40, passing sequences 40, failing sequences 0
INFO(140473230690048)2019-10-29 22:26:02,652:multiple_sequence_alignment seqs file /tmp/tmpgen5_saw/deblur_working_dir/YUN3533.1.3_53_L001_R1_001.fastq.gz.trim.derep.no_artifacts
INFO(140473230690048)2019-10-29 22:26:03,748:deblurring 40 sequences
INFO(140473230690048)2019-10-29 22:26:03,753:37 unique sequences left following deblurring
INFO(140473230690048)2019-10-29 22:26:03,754:remove_chimeras_denovo_from_seqs seqs file /tmp/tmpgen5_saw/deblur_working_dir/YUN3533.1.3_53_L001_R1_001.fastq.gz.trim.derep.no_artifacts.msa.deblurto working dir /tmp/tmpgen5_saw/deblur_working_dir
INFO(140473230690048)2019-10-29 22:26:03,790:finished processing file
INFO(140473230690048)2019-10-29 22:26:03,791:--------------------------------------------------------
INFO(140473230690048)2019-10-29 22:26:03,791:launch_workflow for file /tmp/qiime2-archive-kl_1dlji/430b475c-73ee-48ac-bcc1-1d3ed4e4f880/data/YUN3008.3_36_L001_R1_001.fastq.gz
INFO(140473230690048)2019-10-29 22:26:03,800:dereplicate seqs file /tmp/tmpgen5_saw/deblur_working_dir/YUN3008.3_36_L001_R1_001.fastq.gz.trim
INFO(140473230690048)2019-10-29 22:26:03,813:remove_artifacts_seqs file /tmp/tmpgen5_saw/deblur_working_dir/YUN3008.3_36_L001_R1_001.fastq.gz.trim.derep
WARNING(140473230690048)2019-10-29 22:26:03,813:file /tmp/tmpgen5_saw/deblur_working_dir/YUN3008.3_36_L001_R1_001.fastq.gz.trim.derep has size 0, continuing
WARNING(140473230690048)2019-10-29 22:26:03,813:remove artifacts failed, aborting
WARNING(140473230690048)2019-10-29 22:26:03,814:deblurring failed for file /tmp/qiime2-archive-kl_1dlji/430b475c-73ee-48ac-bcc1-1d3ed4e4f880/data/YUN3008.3_36_L001_R1_001.fastq.gz
INFO(140473230690048)2019-10-29 22:26:03,814:--------------------------------------------------------
INFO(140473230690048)2019-10-29 22:26:03,814:launch_workflow for file /tmp/qiime2-archive-kl_1dlji/430b475c-73ee-48ac-bcc1-1d3ed4e4f880/data/YUN1242.2_29_L001_R1_001.fastq.gz
INFO(140473230690048)2019-10-29 22:26:03,823:dereplicate seqs file /tmp/tmpgen5_saw/deblur_working_dir/YUN1242.2_29_L001_R1_001.fastq.gz.trim
INFO(140473230690048)2019-10-29 22:26:03,836:remove_artifacts_seqs file /tmp/tmpgen5_saw/deblur_working_dir/YUN1242.2_29_L001_R1_001.fastq.gz.trim.derep
WARNING(140473230690048)2019-10-29 22:26:03,836:file /tmp/tmpgen5_saw/deblur_working_dir/YUN1242.2_29_L001_R1_001.fastq.gz.trim.derep has size 0, continuing
WARNING(140473230690048)2019-10-29 22:26:03,836:remove artifacts failed, aborting
WARNING(140473230690048)2019-10-29 22:26:03,836:deblurring failed for file /tmp/qiime2-archive-kl_1dlji/430b475c-73ee-48ac-bcc1-1d3ed4e4f880/data/YUN1242.2_29_L001_R1_001.fastq.gz
INFO(140473230690048)2019-10-29 22:26:03,836:--------------------------------------------------------
INFO(140473230690048)2019-10-29 22:26:03,836:launch_workflow for file /tmp/qiime2-archive-kl_1dlji/430b475c-73ee-48ac-bcc1-1d3ed4e4f880/data/YUN3856.1.1_56_L001_R1_001.fastq.gz
INFO(140473230690048)2019-10-29 22:26:04,462:dereplicate seqs file /tmp/tmpgen5_saw/deblur_working_dir/YUN3856.1.1_56_L001_R1_001.fastq.gz.trim
INFO(140473230690048)2019-10-29 22:26:04,475:remove_artifacts_seqs file /tmp/tmpgen5_saw/deblur_working_dir/YUN3856.1.1_56_L001_R1_001.fastq.gz.trim.derep
INFO(140473230690048)2019-10-29 22:26:05,278:total sequences 39, passing sequences 39, failing sequences 0
INFO(140473230690048)2019-10-29 22:26:05,278:multiple_sequence_alignment seqs file /tmp/tmpgen5_saw/deblur_working_dir/YUN3856.1.1_56_L001_R1_001.fastq.gz.trim.derep.no_artifacts
INFO(140473230690048)2019-10-29 22:26:06,425:deblurring 39 sequences
INFO(140473230690048)2019-10-29 22:26:06,432:37 unique sequences left following deblurring
INFO(140473230690048)2019-10-29 22:26:06,433:remove_chimeras_denovo_from_seqs seqs file /tmp/tmpgen5_saw/deblur_working_dir/YUN3856.1.1_56_L001_R1_001.fastq.gz.trim.derep.no_artifacts.msa.deblurto working dir /tmp/tmpgen5_saw/deblur_working_dir
INFO(140473230690048)2019-10-29 22:26:06,473:finished processing file
INFO(140473230690048)2019-10-29 22:26:06,474:--------------------------------------------------------
INFO(140473230690048)2019-10-29 22:26:06,474:launch_workflow for file /tmp/qiime2-archive-kl_1dlji/430b475c-73ee-48ac-bcc1-1d3ed4e4f880/data/BAQ4166.2_21_L001_R1_001.fastq.gz
INFO(140473230690048)2019-10-29 22:26:07,330:dereplicate seqs file /tmp/tmpgen5_saw/deblur_working_dir/BAQ4166.2_21_L001_R1_001.fastq.gz.trim
INFO(140473230690048)2019-10-29 22:26:07,344:remove_artifacts_seqs file /tmp/tmpgen5_saw/deblur_working_dir/BAQ4166.2_21_L001_R1_001.fastq.gz.trim.derep
INFO(140473230690048)2019-10-29 22:26:08,098:total sequences 55, passing sequences 55, failing sequences 0
INFO(140473230690048)2019-10-29 22:26:08,099:multiple_sequence_alignment seqs file /tmp/tmpgen5_saw/deblur_working_dir/BAQ4166.2_21_L001_R1_001.fastq.gz.trim.derep.no_artifacts
INFO(140473230690048)2019-10-29 22:26:10,070:deblurring 55 sequences
INFO(140473230690048)2019-10-29 22:26:10,088:54 unique sequences left following deblurring
INFO(140473230690048)2019-10-29 22:26:10,089:remove_chimeras_denovo_from_seqs seqs file /tmp/tmpgen5_saw/deblur_working_dir/BAQ4166.2_21_L001_R1_001.fastq.gz.trim.derep.no_artifacts.msa.deblurto working dir /tmp/tmpgen5_saw/deblur_working_dir
INFO(140473230690048)2019-10-29 22:26:10,182:finished processing file
INFO(140473230690048)2019-10-29 22:26:10,182:--------------------------------------------------------
INFO(140473230690048)2019-10-29 22:26:10,183:launch_workflow for file /tmp/qiime2-archive-kl_1dlji/430b475c-73ee-48ac-bcc1-1d3ed4e4f880/data/YUN3533.2_54_L001_R1_001.fastq.gz
INFO(140473230690048)2019-10-29 22:26:11,327:dereplicate seqs file /tmp/tmpgen5_saw/deblur_working_dir/YUN3533.2_54_L001_R1_001.fastq.gz.trim
INFO(140473230690048)2019-10-29 22:26:11,350:remove_artifacts_seqs file /tmp/tmpgen5_saw/deblur_working_dir/YUN3533.2_54_L001_R1_001.fastq.gz.trim.derep
INFO(140473230690048)2019-10-29 22:26:12,107:total sequences 55, passing sequences 55, failing sequences 0
INFO(140473230690048)2019-10-29 22:26:12,108:multiple_sequence_alignment seqs file /tmp/tmpgen5_saw/deblur_working_dir/YUN3533.2_54_L001_R1_001.fastq.gz.trim.derep.no_artifacts
INFO(140473230690048)2019-10-29 22:26:14,092:deblurring 55 sequences
INFO(140473230690048)2019-10-29 22:26:14,100:40 unique sequences left following deblurring
INFO(140473230690048)2019-10-29 22:26:14,101:remove_chimeras_denovo_from_seqs seqs file /tmp/tmpgen5_saw/deblur_working_dir/YUN3533.2_54_L001_R1_001.fastq.gz.trim.derep.no_artifacts.msa.deblurto working dir /tmp/tmpgen5_saw/deblur_working_dir
INFO(140473230690048)2019-10-29 22:26:14,144:finished processing file
INFO(140473230690048)2019-10-29 22:26:14,145:--------------------------------------------------------
INFO(140473230690048)2019-10-29 22:26:14,145:launch_workflow for file /tmp/qiime2-archive-kl_1dlji/430b475c-73ee-48ac-bcc1-1d3ed4e4f880/data/YUN3428.2_49_L001_R1_001.fastq.gz
INFO(140473230690048)2019-10-29 22:26:15,019:dereplicate seqs file /tmp/tmpgen5_saw/deblur_working_dir/YUN3428.2_49_L001_R1_001.fastq.gz.trim
INFO(140473230690048)2019-10-29 22:26:15,033:remove_artifacts_seqs file /tmp/tmpgen5_saw/deblur_working_dir/YUN3428.2_49_L001_R1_001.fastq.gz.trim.derep
INFO(140473230690048)2019-10-29 22:26:15,866:total sequences 62, passing sequences 62, failing sequences 0
INFO(140473230690048)2019-10-29 22:26:15,866:multiple_sequence_alignment seqs file /tmp/tmpgen5_saw/deblur_working_dir/YUN3428.2_49_L001_R1_001.fastq.gz.trim.derep.no_artifacts
INFO(140473230690048)2019-10-29 22:26:18,103:deblurring 62 sequences
INFO(140473230690048)2019-10-29 22:26:18,127:61 unique sequences left following deblurring
INFO(140473230690048)2019-10-29 22:26:18,129:remove_chimeras_denovo_from_seqs seqs file /tmp/tmpgen5_saw/deblur_working_dir/YUN3428.2_49_L001_R1_001.fastq.gz.trim.derep.no_artifacts.msa.deblurto working dir /tmp/tmpgen5_saw/deblur_working_dir
INFO(140473230690048)2019-10-29 22:26:18,237:finished processing file
INFO(140473230690048)2019-10-29 22:26:18,238:--------------------------------------------------------
INFO(140473230690048)2019-10-29 22:26:18,238:launch_workflow for file /tmp/qiime2-archive-kl_1dlji/430b475c-73ee-48ac-bcc1-1d3ed4e4f880/data/YUN3856.3_60_L001_R1_001.fastq.gz
INFO(140473230690048)2019-10-29 22:26:19,103:dereplicate seqs file /tmp/tmpgen5_saw/deblur_working_dir/YUN3856.3_60_L001_R1_001.fastq.gz.trim
INFO(140473230690048)2019-10-29 22:26:19,117:remove_artifacts_seqs file /tmp/tmpgen5_saw/deblur_working_dir/YUN3856.3_60_L001_R1_001.fastq.gz.trim.derep
INFO(140473230690048)2019-10-29 22:26:19,858:total sequences 73, passing sequences 73, failing sequences 0
INFO(140473230690048)2019-10-29 22:26:19,859:multiple_sequence_alignment seqs file /tmp/tmpgen5_saw/deblur_working_dir/YUN3856.3_60_L001_R1_001.fastq.gz.trim.derep.no_artifacts
INFO(140473230690048)2019-10-29 22:26:22,943:deblurring 73 sequences
INFO(140473230690048)2019-10-29 22:26:22,973:71 unique sequences left following deblurring
INFO(140473230690048)2019-10-29 22:26:22,974:remove_chimeras_denovo_from_seqs seqs file /tmp/tmpgen5_saw/deblur_working_dir/YUN3856.3_60_L001_R1_001.fastq.gz.trim.derep.no_artifacts.msa.deblurto working dir /tmp/tmpgen5_saw/deblur_working_dir
INFO(140473230690048)2019-10-29 22:26:23,044:finished processing file
INFO(140473230690048)2019-10-29 22:26:23,045:--------------------------------------------------------
INFO(140473230690048)2019-10-29 22:26:23,045:launch_workflow for file /tmp/qiime2-archive-kl_1dlji/430b475c-73ee-48ac-bcc1-1d3ed4e4f880/data/YUN3346.3_47_L001_R1_001.fastq.gz
INFO(140473230690048)2019-10-29 22:26:23,545:dereplicate seqs file /tmp/tmpgen5_saw/deblur_working_dir/YUN3346.3_47_L001_R1_001.fastq.gz.trim
INFO(140473230690048)2019-10-29 22:26:23,562:remove_artifacts_seqs file /tmp/tmpgen5_saw/deblur_working_dir/YUN3346.3_47_L001_R1_001.fastq.gz.trim.derep
INFO(140473230690048)2019-10-29 22:26:24,340:total sequences 28, passing sequences 28, failing sequences 0
INFO(140473230690048)2019-10-29 22:26:24,341:multiple_sequence_alignment seqs file /tmp/tmpgen5_saw/deblur_working_dir/YUN3346.3_47_L001_R1_001.fastq.gz.trim.derep.no_artifacts
INFO(140473230690048)2019-10-29 22:26:24,962:deblurring 28 sequences
INFO(140473230690048)2019-10-29 22:26:24,966:24 unique sequences left following deblurring
INFO(140473230690048)2019-10-29 22:26:24,966:remove_chimeras_denovo_from_seqs seqs file /tmp/tmpgen5_saw/deblur_working_dir/YUN3346.3_47_L001_R1_001.fastq.gz.trim.derep.no_artifacts.msa.deblurto working dir /tmp/tmpgen5_saw/deblur_working_dir
INFO(140473230690048)2019-10-29 22:26:25,003:finished processing file
INFO(140473230690048)2019-10-29 22:26:25,003:--------------------------------------------------------
INFO(140473230690048)2019-10-29 22:26:25,004:launch_workflow for file /tmp/qiime2-archive-kl_1dlji/430b475c-73ee-48ac-bcc1-1d3ed4e4f880/data/BAQ2420.1.3_3_L001_R1_001.fastq.gz
INFO(140473230690048)2019-10-29 22:26:25,419:dereplicate seqs file /tmp/tmpgen5_saw/deblur_working_dir/BAQ2420.1.3_3_L001_R1_001.fastq.gz.trim
INFO(140473230690048)2019-10-29 22:26:25,435:remove_artifacts_seqs file /tmp/tmpgen5_saw/deblur_working_dir/BAQ2420.1.3_3_L001_R1_001.fastq.gz.trim.derep
INFO(140473230690048)2019-10-29 22:26:26,128:total sequences 37, passing sequences 37, failing sequences 0
INFO(140473230690048)2019-10-29 22:26:26,129:multiple_sequence_alignment seqs file /tmp/tmpgen5_saw/deblur_working_dir/BAQ2420.1.3_3_L001_R1_001.fastq.gz.trim.derep.no_artifacts
INFO(140473230690048)2019-10-29 22:26:27,193:deblurring 37 sequences
INFO(140473230690048)2019-10-29 22:26:27,198:37 unique sequences left following deblurring
INFO(140473230690048)2019-10-29 22:26:27,200:remove_chimeras_denovo_from_seqs seqs file /tmp/tmpgen5_saw/deblur_working_dir/BAQ2420.1.3_3_L001_R1_001.fastq.gz.trim.derep.no_artifacts.msa.deblurto working dir /tmp/tmpgen5_saw/deblur_working_dir
INFO(140473230690048)2019-10-29 22:26:27,241:finished processing file
INFO(140473230690048)2019-10-29 22:26:27,242:--------------------------------------------------------
INFO(140473230690048)2019-10-29 22:26:27,242:launch_workflow for file /tmp/qiime2-archive-kl_1dlji/430b475c-73ee-48ac-bcc1-1d3ed4e4f880/data/YUN3153.2_37_L001_R1_001.fastq.gz
INFO(140473230690048)2019-10-29 22:26:27,584:dereplicate seqs file /tmp/tmpgen5_saw/deblur_working_dir/YUN3153.2_37_L001_R1_001.fastq.gz.trim
INFO(140473230690048)2019-10-29 22:26:27,597:remove_artifacts_seqs file /tmp/tmpgen5_saw/deblur_working_dir/YUN3153.2_37_L001_R1_001.fastq.gz.trim.derep
INFO(140473230690048)2019-10-29 22:26:28,464:total sequences 31, passing sequences 31, failing sequences 0
INFO(140473230690048)2019-10-29 22:26:28,464:multiple_sequence_alignment seqs file /tmp/tmpgen5_saw/deblur_working_dir/YUN3153.2_37_L001_R1_001.fastq.gz.trim.derep.no_artifacts
INFO(140473230690048)2019-10-29 22:26:29,156:deblurring 31 sequences
INFO(140473230690048)2019-10-29 22:26:29,160:30 unique sequences left following deblurring
INFO(140473230690048)2019-10-29 22:26:29,161:remove_chimeras_denovo_from_seqs seqs file /tmp/tmpgen5_saw/deblur_working_dir/YUN3153.2_37_L001_R1_001.fastq.gz.trim.derep.no_artifacts.msa.deblurto working dir /tmp/tmpgen5_saw/deblur_working_dir
INFO(140473230690048)2019-10-29 22:26:29,194:finished processing file
INFO(140473230690048)2019-10-29 22:26:29,195:--------------------------------------------------------
INFO(140473230690048)2019-10-29 22:26:29,195:launch_workflow for file /tmp/qiime2-archive-kl_1dlji/430b475c-73ee-48ac-bcc1-1d3ed4e4f880/data/YUN3533.1.2_52_L001_R1_001.fastq.gz
INFO(140473230690048)2019-10-29 22:26:29,779:dereplicate seqs file /tmp/tmpgen5_saw/deblur_working_dir/YUN3533.1.2_52_L001_R1_001.fastq.gz.trim
INFO(140473230690048)2019-10-29 22:26:29,792:remove_artifacts_seqs file /tmp/tmpgen5_saw/deblur_working_dir/YUN3533.1.2_52_L001_R1_001.fastq.gz.trim.derep
INFO(140473230690048)2019-10-29 22:26:30,578:total sequences 38, passing sequences 38, failing sequences 0
INFO(140473230690048)2019-10-29 22:26:30,578:multiple_sequence_alignment seqs file /tmp/tmpgen5_saw/deblur_working_dir/YUN3533.1.2_52_L001_R1_001.fastq.gz.trim.derep.no_artifacts
INFO(140473230690048)2019-10-29 22:26:31,650:deblurring 38 sequences
INFO(140473230690048)2019-10-29 22:26:31,663:38 unique sequences left following deblurring
INFO(140473230690048)2019-10-29 22:26:31,664:remove_chimeras_denovo_from_seqs seqs file /tmp/tmpgen5_saw/deblur_working_dir/YUN3533.1.2_52_L001_R1_001.fastq.gz.trim.derep.no_artifacts.msa.deblurto working dir /tmp/tmpgen5_saw/deblur_working_dir
INFO(140473230690048)2019-10-29 22:26:31,726:finished processing file
INFO(140473230690048)2019-10-29 22:26:31,727:--------------------------------------------------------
INFO(140473230690048)2019-10-29 22:26:31,727:launch_workflow for file /tmp/qiime2-archive-kl_1dlji/430b475c-73ee-48ac-bcc1-1d3ed4e4f880/data/BAQ2687.3_11_L001_R1_001.fastq.gz
INFO(140473230690048)2019-10-29 22:26:32,392:dereplicate seqs file /tmp/tmpgen5_saw/deblur_working_dir/BAQ2687.3_11_L001_R1_001.fastq.gz.trim
INFO(140473230690048)2019-10-29 22:26:32,406:remove_artifacts_seqs file /tmp/tmpgen5_saw/deblur_working_dir/BAQ2687.3_11_L001_R1_001.fastq.gz.trim.derep
INFO(140473230690048)2019-10-29 22:26:33,207:total sequences 36, passing sequences 36, failing sequences 0
INFO(140473230690048)2019-10-29 22:26:33,207:multiple_sequence_alignment seqs file /tmp/tmpgen5_saw/deblur_working_dir/BAQ2687.3_11_L001_R1_001.fastq.gz.trim.derep.no_artifacts
INFO(140473230690048)2019-10-29 22:26:34,201:deblurring 36 sequences
INFO(140473230690048)2019-10-29 22:26:34,206:35 unique sequences left following deblurring
INFO(140473230690048)2019-10-29 22:26:34,206:remove_chimeras_denovo_from_seqs seqs file /tmp/tmpgen5_saw/deblur_working_dir/BAQ2687.3_11_L001_R1_001.fastq.gz.trim.derep.no_artifacts.msa.deblurto working dir /tmp/tmpgen5_saw/deblur_working_dir
INFO(140473230690048)2019-10-29 22:26:34,244:finished processing file
INFO(140473230690048)2019-10-29 22:26:34,245:--------------------------------------------------------
INFO(140473230690048)2019-10-29 22:26:34,245:launch_workflow for file /tmp/qiime2-archive-kl_1dlji/430b475c-73ee-48ac-bcc1-1d3ed4e4f880/data/YUN3533.1.1_51_L001_R1_001.fastq.gz
INFO(140473230690048)2019-10-29 22:26:34,837:dereplicate seqs file /tmp/tmpgen5_saw/deblur_working_dir/YUN3533.1.1_51_L001_R1_001.fastq.gz.trim
INFO(140473230690048)2019-10-29 22:26:34,854:remove_artifacts_seqs file /tmp/tmpgen5_saw/deblur_working_dir/YUN3533.1.1_51_L001_R1_001.fastq.gz.trim.derep
INFO(140473230690048)2019-10-29 22:26:35,663:total sequences 40, passing sequences 40, failing sequences 0
INFO(140473230690048)2019-10-29 22:26:35,663:multiple_sequence_alignment seqs file /tmp/tmpgen5_saw/deblur_working_dir/YUN3533.1.1_51_L001_R1_001.fastq.gz.trim.derep.no_artifacts
INFO(140473230690048)2019-10-29 22:26:36,866:deblurring 40 sequences
INFO(140473230690048)2019-10-29 22:26:36,875:36 unique sequences left following deblurring
INFO(140473230690048)2019-10-29 22:26:36,876:remove_chimeras_denovo_from_seqs seqs file /tmp/tmpgen5_saw/deblur_working_dir/YUN3533.1.1_51_L001_R1_001.fastq.gz.trim.derep.no_artifacts.msa.deblurto working dir /tmp/tmpgen5_saw/deblur_working_dir
INFO(140473230690048)2019-10-29 22:26:36,939:finished processing file
INFO(140473230690048)2019-10-29 22:26:36,940:--------------------------------------------------------
INFO(140473230690048)2019-10-29 22:26:36,940:launch_workflow for file /tmp/qiime2-archive-kl_1dlji/430b475c-73ee-48ac-bcc1-1d3ed4e4f880/data/BAQ2420.3_5_L001_R1_001.fastq.gz
INFO(140473230690048)2019-10-29 22:26:37,592:dereplicate seqs file /tmp/tmpgen5_saw/deblur_working_dir/BAQ2420.3_5_L001_R1_001.fastq.gz.trim
INFO(140473230690048)2019-10-29 22:26:37,619:remove_artifacts_seqs file /tmp/tmpgen5_saw/deblur_working_dir/BAQ2420.3_5_L001_R1_001.fastq.gz.trim.derep
INFO(140473230690048)2019-10-29 22:26:38,538:total sequences 48, passing sequences 48, failing sequences 0
INFO(140473230690048)2019-10-29 22:26:38,539:multiple_sequence_alignment seqs file /tmp/tmpgen5_saw/deblur_working_dir/BAQ2420.3_5_L001_R1_001.fastq.gz.trim.derep.no_artifacts
INFO(140473230690048)2019-10-29 22:26:39,976:deblurring 48 sequences
INFO(140473230690048)2019-10-29 22:26:39,991:48 unique sequences left following deblurring
INFO(140473230690048)2019-10-29 22:26:39,992:remove_chimeras_denovo_from_seqs seqs file /tmp/tmpgen5_saw/deblur_working_dir/BAQ2420.3_5_L001_R1_001.fastq.gz.trim.derep.no_artifacts.msa.deblurto working dir /tmp/tmpgen5_saw/deblur_working_dir
INFO(140473230690048)2019-10-29 22:26:40,070:finished processing file
INFO(140473230690048)2019-10-29 22:26:40,070:--------------------------------------------------------
INFO(140473230690048)2019-10-29 22:26:40,070:launch_workflow for file /tmp/qiime2-archive-kl_1dlji/430b475c-73ee-48ac-bcc1-1d3ed4e4f880/data/BAQ3473.1_15_L001_R1_001.fastq.gz
INFO(140473230690048)2019-10-29 22:26:40,781:dereplicate seqs file /tmp/tmpgen5_saw/deblur_working_dir/BAQ3473.1_15_L001_R1_001.fastq.gz.trim
INFO(140473230690048)2019-10-29 22:26:40,795:remove_artifacts_seqs file /tmp/tmpgen5_saw/deblur_working_dir/BAQ3473.1_15_L001_R1_001.fastq.gz.trim.derep
INFO(140473230690048)2019-10-29 22:26:41,612:total sequences 37, passing sequences 37, failing sequences 0
INFO(140473230690048)2019-10-29 22:26:41,613:multiple_sequence_alignment seqs file /tmp/tmpgen5_saw/deblur_working_dir/BAQ3473.1_15_L001_R1_001.fastq.gz.trim.derep.no_artifacts
INFO(140473230690048)2019-10-29 22:26:42,598:deblurring 37 sequences
INFO(140473230690048)2019-10-29 22:26:42,607:35 unique sequences left following deblurring
INFO(140473230690048)2019-10-29 22:26:42,608:remove_chimeras_denovo_from_seqs seqs file /tmp/tmpgen5_saw/deblur_working_dir/BAQ3473.1_15_L001_R1_001.fastq.gz.trim.derep.no_artifacts.msa.deblurto working dir /tmp/tmpgen5_saw/deblur_working_dir
INFO(140473230690048)2019-10-29 22:26:42,650:finished processing file
INFO(140473230690048)2019-10-29 22:26:42,651:--------------------------------------------------------
INFO(140473230690048)2019-10-29 22:26:42,651:launch_workflow for file /tmp/qiime2-archive-kl_1dlji/430b475c-73ee-48ac-bcc1-1d3ed4e4f880/data/BAQ4697.2_24_L001_R1_001.fastq.gz
INFO(140473230690048)2019-10-29 22:26:43,279:dereplicate seqs file /tmp/tmpgen5_saw/deblur_working_dir/BAQ4697.2_24_L001_R1_001.fastq.gz.trim
INFO(140473230690048)2019-10-29 22:26:43,292:remove_artifacts_seqs file /tmp/tmpgen5_saw/deblur_working_dir/BAQ4697.2_24_L001_R1_001.fastq.gz.trim.derep
INFO(140473230690048)2019-10-29 22:26:44,057:total sequences 42, passing sequences 42, failing sequences 0
INFO(140473230690048)2019-10-29 22:26:44,057:multiple_sequence_alignment seqs file /tmp/tmpgen5_saw/deblur_working_dir/BAQ4697.2_24_L001_R1_001.fastq.gz.trim.derep.no_artifacts
INFO(140473230690048)2019-10-29 22:26:45,137:deblurring 42 sequences
INFO(140473230690048)2019-10-29 22:26:45,142:34 unique sequences left following deblurring
INFO(140473230690048)2019-10-29 22:26:45,142:remove_chimeras_denovo_from_seqs seqs file /tmp/tmpgen5_saw/deblur_working_dir/BAQ4697.2_24_L001_R1_001.fastq.gz.trim.derep.no_artifacts.msa.deblurto working dir /tmp/tmpgen5_saw/deblur_working_dir
INFO(140473230690048)2019-10-29 22:26:45,183:finished processing file
INFO(140473230690048)2019-10-29 22:26:45,183:--------------------------------------------------------
INFO(140473230690048)2019-10-29 22:26:45,183:launch_workflow for file /tmp/qiime2-archive-kl_1dlji/430b475c-73ee-48ac-bcc1-1d3ed4e4f880/data/YUN3259.1.2_41_L001_R1_001.fastq.gz
INFO(140473230690048)2019-10-29 22:26:45,609:dereplicate seqs file /tmp/tmpgen5_saw/deblur_working_dir/YUN3259.1.2_41_L001_R1_001.fastq.gz.trim
INFO(140473230690048)2019-10-29 22:26:45,621:remove_artifacts_seqs file /tmp/tmpgen5_saw/deblur_working_dir/YUN3259.1.2_41_L001_R1_001.fastq.gz.trim.derep
INFO(140473230690048)2019-10-29 22:26:46,389:total sequences 28, passing sequences 28, failing sequences 0
INFO(140473230690048)2019-10-29 22:26:46,389:multiple_sequence_alignment seqs file /tmp/tmpgen5_saw/deblur_working_dir/YUN3259.1.2_41_L001_R1_001.fastq.gz.trim.derep.no_artifacts
INFO(140473230690048)2019-10-29 22:26:47,106:deblurring 28 sequences
INFO(140473230690048)2019-10-29 22:26:47,113:27 unique sequences left following deblurring
INFO(140473230690048)2019-10-29 22:26:47,114:remove_chimeras_denovo_from_seqs seqs file /tmp/tmpgen5_saw/deblur_working_dir/YUN3259.1.2_41_L001_R1_001.fastq.gz.trim.derep.no_artifacts.msa.deblurto working dir /tmp/tmpgen5_saw/deblur_working_dir
INFO(140473230690048)2019-10-29 22:26:47,171:finished processing file
INFO(140473230690048)2019-10-29 22:26:47,172:--------------------------------------------------------
INFO(140473230690048)2019-10-29 22:26:47,172:launch_workflow for file /tmp/qiime2-archive-kl_1dlji/430b475c-73ee-48ac-bcc1-1d3ed4e4f880/data/BAQ2462.1_6_L001_R1_001.fastq.gz
INFO(140473230690048)2019-10-29 22:26:47,968:dereplicate seqs file /tmp/tmpgen5_saw/deblur_working_dir/BAQ2462.1_6_L001_R1_001.fastq.gz.trim
INFO(140473230690048)2019-10-29 22:26:47,986:remove_artifacts_seqs file /tmp/tmpgen5_saw/deblur_working_dir/BAQ2462.1_6_L001_R1_001.fastq.gz.trim.derep
INFO(140473230690048)2019-10-29 22:26:48,654:total sequences 48, passing sequences 48, failing sequences 0
INFO(140473230690048)2019-10-29 22:26:48,654:multiple_sequence_alignment seqs file /tmp/tmpgen5_saw/deblur_working_dir/BAQ2462.1_6_L001_R1_001.fastq.gz.trim.derep.no_artifacts
INFO(140473230690048)2019-10-29 22:26:50,148:deblurring 48 sequences
INFO(140473230690048)2019-10-29 22:26:50,161:44 unique sequences left following deblurring
INFO(140473230690048)2019-10-29 22:26:50,162:remove_chimeras_denovo_from_seqs seqs file /tmp/tmpgen5_saw/deblur_working_dir/BAQ2462.1_6_L001_R1_001.fastq.gz.trim.derep.no_artifacts.msa.deblurto working dir /tmp/tmpgen5_saw/deblur_working_dir
INFO(140473230690048)2019-10-29 22:26:50,243:finished processing file
INFO(140473230690048)2019-10-29 22:26:50,244:--------------------------------------------------------
INFO(140473230690048)2019-10-29 22:26:50,244:launch_workflow for file /tmp/qiime2-archive-kl_1dlji/430b475c-73ee-48ac-bcc1-1d3ed4e4f880/data/BAQ2687.2_10_L001_R1_001.fastq.gz
INFO(140473230690048)2019-10-29 22:26:50,697:dereplicate seqs file /tmp/tmpgen5_saw/deblur_working_dir/BAQ2687.2_10_L001_R1_001.fastq.gz.trim
INFO(140473230690048)2019-10-29 22:26:50,714:remove_artifacts_seqs file /tmp/tmpgen5_saw/deblur_working_dir/BAQ2687.2_10_L001_R1_001.fastq.gz.trim.derep
INFO(140473230690048)2019-10-29 22:26:51,490:total sequences 33, passing sequences 33, failing sequences 0
INFO(140473230690048)2019-10-29 22:26:51,490:multiple_sequence_alignment seqs file /tmp/tmpgen5_saw/deblur_working_dir/BAQ2687.2_10_L001_R1_001.fastq.gz.trim.derep.no_artifacts
INFO(140473230690048)2019-10-29 22:26:52,271:deblurring 33 sequences
INFO(140473230690048)2019-10-29 22:26:52,276:29 unique sequences left following deblurring
INFO(140473230690048)2019-10-29 22:26:52,276:remove_chimeras_denovo_from_seqs seqs file /tmp/tmpgen5_saw/deblur_working_dir/BAQ2687.2_10_L001_R1_001.fastq.gz.trim.derep.no_artifacts.msa.deblurto working dir /tmp/tmpgen5_saw/deblur_working_dir
INFO(140473230690048)2019-10-29 22:26:52,323:finished processing file
INFO(140473230690048)2019-10-29 22:26:52,324:--------------------------------------------------------
INFO(140473230690048)2019-10-29 22:26:52,324:launch_workflow for file /tmp/qiime2-archive-kl_1dlji/430b475c-73ee-48ac-bcc1-1d3ed4e4f880/data/BAQ3473.2_16_L001_R1_001.fastq.gz
INFO(140473230690048)2019-10-29 22:26:52,834:dereplicate seqs file /tmp/tmpgen5_saw/deblur_working_dir/BAQ3473.2_16_L001_R1_001.fastq.gz.trim
INFO(140473230690048)2019-10-29 22:26:52,853:remove_artifacts_seqs file /tmp/tmpgen5_saw/deblur_working_dir/BAQ3473.2_16_L001_R1_001.fastq.gz.trim.derep
INFO(140473230690048)2019-10-29 22:26:53,589:total sequences 38, passing sequences 38, failing sequences 0
INFO(140473230690048)2019-10-29 22:26:53,590:multiple_sequence_alignment seqs file /tmp/tmpgen5_saw/deblur_working_dir/BAQ3473.2_16_L001_R1_001.fastq.gz.trim.derep.no_artifacts
INFO(140473230690048)2019-10-29 22:26:54,606:deblurring 38 sequences
INFO(140473230690048)2019-10-29 22:26:54,612:38 unique sequences left following deblurring
INFO(140473230690048)2019-10-29 22:26:54,612:remove_chimeras_denovo_from_seqs seqs file /tmp/tmpgen5_saw/deblur_working_dir/BAQ3473.2_16_L001_R1_001.fastq.gz.trim.derep.no_artifacts.msa.deblurto working dir /tmp/tmpgen5_saw/deblur_working_dir
INFO(140473230690048)2019-10-29 22:26:54,662:finished processing file
INFO(140473230690048)2019-10-29 22:26:54,662:--------------------------------------------------------
INFO(140473230690048)2019-10-29 22:26:54,663:launch_workflow for file /tmp/qiime2-archive-kl_1dlji/430b475c-73ee-48ac-bcc1-1d3ed4e4f880/data/YUN1242.3_30_L001_R1_001.fastq.gz
INFO(140473230690048)2019-10-29 22:26:55,184:dereplicate seqs file /tmp/tmpgen5_saw/deblur_working_dir/YUN1242.3_30_L001_R1_001.fastq.gz.trim
INFO(140473230690048)2019-10-29 22:26:55,201:remove_artifacts_seqs file /tmp/tmpgen5_saw/deblur_working_dir/YUN1242.3_30_L001_R1_001.fastq.gz.trim.derep
INFO(140473230690048)2019-10-29 22:26:56,013:total sequences 39, passing sequences 39, failing sequences 0
INFO(140473230690048)2019-10-29 22:26:56,014:multiple_sequence_alignment seqs file /tmp/tmpgen5_saw/deblur_working_dir/YUN1242.3_30_L001_R1_001.fastq.gz.trim.derep.no_artifacts
INFO(140473230690048)2019-10-29 22:26:57,004:deblurring 39 sequences
INFO(140473230690048)2019-10-29 22:26:57,013:33 unique sequences left following deblurring
INFO(140473230690048)2019-10-29 22:26:57,014:remove_chimeras_denovo_from_seqs seqs file /tmp/tmpgen5_saw/deblur_working_dir/YUN1242.3_30_L001_R1_001.fastq.gz.trim.derep.no_artifacts.msa.deblurto working dir /tmp/tmpgen5_saw/deblur_working_dir
INFO(140473230690048)2019-10-29 22:26:57,080:finished processing file
INFO(140473230690048)2019-10-29 22:26:57,081:--------------------------------------------------------
INFO(140473230690048)2019-10-29 22:26:57,081:launch_workflow for file /tmp/qiime2-archive-kl_1dlji/430b475c-73ee-48ac-bcc1-1d3ed4e4f880/data/BAQ4166.1.3_20_L001_R1_001.fastq.gz
INFO(140473230690048)2019-10-29 22:26:57,853:dereplicate seqs file /tmp/tmpgen5_saw/deblur_working_dir/BAQ4166.1.3_20_L001_R1_001.fastq.gz.trim
INFO(140473230690048)2019-10-29 22:26:57,874:remove_artifacts_seqs file /tmp/tmpgen5_saw/deblur_working_dir/BAQ4166.1.3_20_L001_R1_001.fastq.gz.trim.derep
INFO(140473230690048)2019-10-29 22:26:58,606:total sequences 42, passing sequences 42, failing sequences 0
INFO(140473230690048)2019-10-29 22:26:58,607:multiple_sequence_alignment seqs file /tmp/tmpgen5_saw/deblur_working_dir/BAQ4166.1.3_20_L001_R1_001.fastq.gz.trim.derep.no_artifacts
INFO(140473230690048)2019-10-29 22:26:59,683:deblurring 42 sequences
INFO(140473230690048)2019-10-29 22:26:59,693:41 unique sequences left following deblurring
INFO(140473230690048)2019-10-29 22:26:59,694:remove_chimeras_denovo_from_seqs seqs file /tmp/tmpgen5_saw/deblur_working_dir/BAQ4166.1.3_20_L001_R1_001.fastq.gz.trim.derep.no_artifacts.msa.deblurto working dir /tmp/tmpgen5_saw/deblur_working_dir
INFO(140473230690048)2019-10-29 22:26:59,759:finished processing file
INFO(140473230690048)2019-10-29 22:26:59,760:--------------------------------------------------------
INFO(140473230690048)2019-10-29 22:26:59,760:launch_workflow for file /tmp/qiime2-archive-kl_1dlji/430b475c-73ee-48ac-bcc1-1d3ed4e4f880/data/BAQ2420.1.1_1_L001_R1_001.fastq.gz
INFO(140473230690048)2019-10-29 22:27:00,241:dereplicate seqs file /tmp/tmpgen5_saw/deblur_working_dir/BAQ2420.1.1_1_L001_R1_001.fastq.gz.trim
INFO(140473230690048)2019-10-29 22:27:00,258:remove_artifacts_seqs file /tmp/tmpgen5_saw/deblur_working_dir/BAQ2420.1.1_1_L001_R1_001.fastq.gz.trim.derep
INFO(140473230690048)2019-10-29 22:27:00,971:total sequences 27, passing sequences 27, failing sequences 0
INFO(140473230690048)2019-10-29 22:27:00,972:multiple_sequence_alignment seqs file /tmp/tmpgen5_saw/deblur_working_dir/BAQ2420.1.1_1_L001_R1_001.fastq.gz.trim.derep.no_artifacts
INFO(140473230690048)2019-10-29 22:27:01,577:deblurring 27 sequences
INFO(140473230690048)2019-10-29 22:27:01,580:27 unique sequences left following deblurring
INFO(140473230690048)2019-10-29 22:27:01,580:remove_chimeras_denovo_from_seqs seqs file /tmp/tmpgen5_saw/deblur_working_dir/BAQ2420.1.1_1_L001_R1_001.fastq.gz.trim.derep.no_artifacts.msa.deblurto working dir /tmp/tmpgen5_saw/deblur_working_dir
INFO(140473230690048)2019-10-29 22:27:01,614:finished processing file
INFO(140473230690048)2019-10-29 22:27:01,615:--------------------------------------------------------
INFO(140473230690048)2019-10-29 22:27:01,615:launch_workflow for file /tmp/qiime2-archive-kl_1dlji/430b475c-73ee-48ac-bcc1-1d3ed4e4f880/data/YUN3346.1_45_L001_R1_001.fastq.gz
INFO(140473230690048)2019-10-29 22:27:02,018:dereplicate seqs file /tmp/tmpgen5_saw/deblur_working_dir/YUN3346.1_45_L001_R1_001.fastq.gz.trim
INFO(140473230690048)2019-10-29 22:27:02,035:remove_artifacts_seqs file /tmp/tmpgen5_saw/deblur_working_dir/YUN3346.1_45_L001_R1_001.fastq.gz.trim.derep
INFO(140473230690048)2019-10-29 22:27:02,786:total sequences 39, passing sequences 39, failing sequences 0
INFO(140473230690048)2019-10-29 22:27:02,786:multiple_sequence_alignment seqs file /tmp/tmpgen5_saw/deblur_working_dir/YUN3346.1_45_L001_R1_001.fastq.gz.trim.derep.no_artifacts
INFO(140473230690048)2019-10-29 22:27:03,950:deblurring 39 sequences
INFO(140473230690048)2019-10-29 22:27:03,957:38 unique sequences left following deblurring
INFO(140473230690048)2019-10-29 22:27:03,958:remove_chimeras_denovo_from_seqs seqs file /tmp/tmpgen5_saw/deblur_working_dir/YUN3346.1_45_L001_R1_001.fastq.gz.trim.derep.no_artifacts.msa.deblurto working dir /tmp/tmpgen5_saw/deblur_working_dir
INFO(140473230690048)2019-10-29 22:27:04,015:finished processing file
INFO(140473230690048)2019-10-29 22:27:04,016:--------------------------------------------------------
INFO(140473230690048)2019-10-29 22:27:04,016:launch_workflow for file /tmp/qiime2-archive-kl_1dlji/430b475c-73ee-48ac-bcc1-1d3ed4e4f880/data/YUN1005.1.1_26_L001_R1_001.fastq.gz
INFO(140473230690048)2019-10-29 22:27:04,650:dereplicate seqs file /tmp/tmpgen5_saw/deblur_working_dir/YUN1005.1.1_26_L001_R1_001.fastq.gz.trim
INFO(140473230690048)2019-10-29 22:27:04,666:remove_artifacts_seqs file /tmp/tmpgen5_saw/deblur_working_dir/YUN1005.1.1_26_L001_R1_001.fastq.gz.trim.derep
INFO(140473230690048)2019-10-29 22:27:05,419:total sequences 54, passing sequences 54, failing sequences 0
INFO(140473230690048)2019-10-29 22:27:05,420:multiple_sequence_alignment seqs file /tmp/tmpgen5_saw/deblur_working_dir/YUN1005.1.1_26_L001_R1_001.fastq.gz.trim.derep.no_artifacts
INFO(140473230690048)2019-10-29 22:27:07,352:deblurring 54 sequences
INFO(140473230690048)2019-10-29 22:27:07,366:39 unique sequences left following deblurring
INFO(140473230690048)2019-10-29 22:27:07,367:remove_chimeras_denovo_from_seqs seqs file /tmp/tmpgen5_saw/deblur_working_dir/YUN1005.1.1_26_L001_R1_001.fastq.gz.trim.derep.no_artifacts.msa.deblurto working dir /tmp/tmpgen5_saw/deblur_working_dir
INFO(140473230690048)2019-10-29 22:27:07,416:finished processing file
INFO(140473230690048)2019-10-29 22:27:07,417:--------------------------------------------------------
INFO(140473230690048)2019-10-29 22:27:07,417:launch_workflow for file /tmp/qiime2-archive-kl_1dlji/430b475c-73ee-48ac-bcc1-1d3ed4e4f880/data/BAQ4697.1_23_L001_R1_001.fastq.gz
INFO(140473230690048)2019-10-29 22:27:08,032:dereplicate seqs file /tmp/tmpgen5_saw/deblur_working_dir/BAQ4697.1_23_L001_R1_001.fastq.gz.trim
INFO(140473230690048)2019-10-29 22:27:08,048:remove_artifacts_seqs file /tmp/tmpgen5_saw/deblur_working_dir/BAQ4697.1_23_L001_R1_001.fastq.gz.trim.derep
INFO(140473230690048)2019-10-29 22:27:08,782:total sequences 46, passing sequences 46, failing sequences 0
INFO(140473230690048)2019-10-29 22:27:08,782:multiple_sequence_alignment seqs file /tmp/tmpgen5_saw/deblur_working_dir/BAQ4697.1_23_L001_R1_001.fastq.gz.trim.derep.no_artifacts
INFO(140473230690048)2019-10-29 22:27:10,025:deblurring 46 sequences
INFO(140473230690048)2019-10-29 22:27:10,033:39 unique sequences left following deblurring
INFO(140473230690048)2019-10-29 22:27:10,033:remove_chimeras_denovo_from_seqs seqs file /tmp/tmpgen5_saw/deblur_working_dir/BAQ4697.1_23_L001_R1_001.fastq.gz.trim.derep.no_artifacts.msa.deblurto working dir /tmp/tmpgen5_saw/deblur_working_dir
INFO(140473230690048)2019-10-29 22:27:10,082:finished processing file
INFO(140473230690048)2019-10-29 22:27:10,083:--------------------------------------------------------
INFO(140473230690048)2019-10-29 22:27:10,083:launch_workflow for file /tmp/qiime2-archive-kl_1dlji/430b475c-73ee-48ac-bcc1-1d3ed4e4f880/data/YUN1005.3_27_L001_R1_001.fastq.gz
INFO(140473230690048)2019-10-29 22:27:10,387:dereplicate seqs file /tmp/tmpgen5_saw/deblur_working_dir/YUN1005.3_27_L001_R1_001.fastq.gz.trim
INFO(140473230690048)2019-10-29 22:27:10,403:remove_artifacts_seqs file /tmp/tmpgen5_saw/deblur_working_dir/YUN1005.3_27_L001_R1_001.fastq.gz.trim.derep
INFO(140473230690048)2019-10-29 22:27:11,161:total sequences 22, passing sequences 22, failing sequences 0
INFO(140473230690048)2019-10-29 22:27:11,161:multiple_sequence_alignment seqs file /tmp/tmpgen5_saw/deblur_working_dir/YUN1005.3_27_L001_R1_001.fastq.gz.trim.derep.no_artifacts
INFO(140473230690048)2019-10-29 22:27:11,616:deblurring 22 sequences
INFO(140473230690048)2019-10-29 22:27:11,618:17 unique sequences left following deblurring
INFO(140473230690048)2019-10-29 22:27:11,619:remove_chimeras_denovo_from_seqs seqs file /tmp/tmpgen5_saw/deblur_working_dir/YUN1005.3_27_L001_R1_001.fastq.gz.trim.derep.no_artifacts.msa.deblurto working dir /tmp/tmpgen5_saw/deblur_working_dir
INFO(140473230690048)2019-10-29 22:27:11,647:finished processing file
INFO(140473230690048)2019-10-29 22:27:11,648:finished processing per sample fasta files
INFO(140473230690048)2019-10-29 22:27:11,650:create_otu_table for 53 samples, into output table /tmp/tmpgen5_saw/all.biom
INFO(140473230690048)2019-10-29 22:27:11,858:for output biom table loaded 53 samples, 1227 unique sequences
INFO(140473230690048)2019-10-29 22:27:11,862:keeping 133 (out of 1227 sequences) with >=10 reads
INFO(140473230690048)2019-10-29 22:27:11,883:saved to biom file /tmp/tmpgen5_saw/all.biom
INFO(140473230690048)2019-10-29 22:27:11,884:saved sequence fasta file to /tmp/tmpgen5_saw/all.seqs.fa
INFO(140473230690048)2019-10-29 22:27:11,885:getting 16s sequences from the biom table
INFO(140473230690048)2019-10-29 22:27:11,885:remove_artifacts_seqs file /tmp/tmpgen5_saw/all.seqs.fa
INFO(140473230690048)2019-10-29 22:27:15,174:total sequences 133, passing sequences 133, failing sequences 0
WARNING(140473230690048)2019-10-29 22:27:15,194:removed 53 samples with reads per sample<1
INFO(140473230690048)2019-10-29 22:27:15,206:wrote artifact only filtered biom table to /tmp/tmpgen5_saw/reference-non-hit.biom
INFO(140473230690048)2019-10-29 22:27:15,207:saved biom table sequences to fasta file /tmp/tmpgen5_saw/reference-non-hit.seqs.fa
INFO(140473230690048)2019-10-29 22:27:15,221:wrote 16s filtered biom table to /tmp/tmpgen5_saw/reference-hit.biom
INFO(140473230690048)2019-10-29 22:27:15,222:saved biom table sequences to fasta file /tmp/tmpgen5_saw/reference-hit.seqs.fa
INFO(140473230690048)2019-10-29 22:27:15,222:Keeping temp files
INFO(140473230690048)2019-10-29 22:27:15,222:deblur workflow finished
INFO(140473230690048)2019-10-29 22:27:15,222:output saved to /tmp/tmpgen5_saw/all.biom
INFO(140473230690048)2019-10-29 22:27:15,222:------------------
